mode: set
github.com/coder/coder/v2/agentic/agent.go:24.30,26.2 1 0
github.com/coder/coder/v2/agentic/agent.go:28.42,32.2 3 0
github.com/coder/coder/v2/agentic/agent.go:34.59,37.29 3 0
github.com/coder/coder/v2/agentic/agent.go:37.29,38.27 1 0
github.com/coder/coder/v2/agentic/agent.go:38.27,40.4 1 0
github.com/coder/coder/v2/agentic/agent.go:42.2,42.69 1 0
github.com/coder/coder/v2/agentic/auth.go:58.95,59.26 1 0
github.com/coder/coder/v2/agentic/auth.go:59.26,61.3 1 0
github.com/coder/coder/v2/agentic/auth.go:63.2,75.3 2 0
github.com/coder/coder/v2/agentic/auth.go:79.77,81.2 1 0
github.com/coder/coder/v2/agentic/auth.go:84.76,85.17 1 0
github.com/coder/coder/v2/agentic/auth.go:85.17,88.41 2 0
github.com/coder/coder/v2/agentic/auth.go:88.41,90.4 1 0
github.com/coder/coder/v2/agentic/auth.go:91.3,91.47 1 0
github.com/coder/coder/v2/agentic/auth.go:94.2,96.21 2 0
github.com/coder/coder/v2/agentic/auth.go:96.21,98.3 1 0
github.com/coder/coder/v2/agentic/auth.go:100.2,100.17 1 0
github.com/coder/coder/v2/agentic/auth.go:104.108,105.21 1 0
github.com/coder/coder/v2/agentic/auth.go:105.21,107.3 1 0
github.com/coder/coder/v2/agentic/auth.go:110.2,111.16 2 0
github.com/coder/coder/v2/agentic/auth.go:111.16,113.3 1 0
github.com/coder/coder/v2/agentic/auth.go:116.2,117.16 2 0
github.com/coder/coder/v2/agentic/auth.go:117.16,119.3 1 0
github.com/coder/coder/v2/agentic/auth.go:122.2,139.26 4 0
github.com/coder/coder/v2/agentic/auth.go:139.26,141.72 2 0
github.com/coder/coder/v2/agentic/auth.go:141.72,142.23 1 0
github.com/coder/coder/v2/agentic/auth.go:142.23,144.5 1 0
github.com/coder/coder/v2/agentic/auth.go:148.2,148.21 1 0
github.com/coder/coder/v2/agentic/auth.go:148.21,150.3 1 0
github.com/coder/coder/v2/agentic/auth.go:152.2,152.21 1 0
github.com/coder/coder/v2/agentic/auth.go:156.108,160.16 3 0
github.com/coder/coder/v2/agentic/auth.go:160.16,162.3 1 0
github.com/coder/coder/v2/agentic/auth.go:164.2,168.16 4 0
github.com/coder/coder/v2/agentic/auth.go:168.16,170.3 1 0
github.com/coder/coder/v2/agentic/auth.go:171.2,173.38 2 0
github.com/coder/coder/v2/agentic/auth.go:173.38,175.3 1 0
github.com/coder/coder/v2/agentic/auth.go:177.2,178.65 2 0
github.com/coder/coder/v2/agentic/auth.go:178.65,180.3 1 0
github.com/coder/coder/v2/agentic/auth.go:183.2,183.22 1 0
github.com/coder/coder/v2/agentic/auth.go:183.22,185.17 2 0
github.com/coder/coder/v2/agentic/auth.go:185.17,187.4 1 0
github.com/coder/coder/v2/agentic/auth.go:190.2,190.19 1 0
github.com/coder/coder/v2/agentic/auth.go:194.108,198.16 3 0
github.com/coder/coder/v2/agentic/auth.go:198.16,200.3 1 0
github.com/coder/coder/v2/agentic/auth.go:202.2,206.16 4 0
github.com/coder/coder/v2/agentic/auth.go:206.16,208.3 1 0
github.com/coder/coder/v2/agentic/auth.go:209.2,211.38 2 0
github.com/coder/coder/v2/agentic/auth.go:211.38,213.3 1 0
github.com/coder/coder/v2/agentic/auth.go:215.2,220.67 2 0
github.com/coder/coder/v2/agentic/auth.go:220.67,222.3 1 0
github.com/coder/coder/v2/agentic/auth.go:224.2,224.31 1 0
github.com/coder/coder/v2/agentic/auth.go:224.31,225.20 1 0
github.com/coder/coder/v2/agentic/auth.go:225.20,227.4 1 0
github.com/coder/coder/v2/agentic/auth.go:230.2,230.21 1 0
github.com/coder/coder/v2/agentic/auth.go:230.21,232.3 1 0
github.com/coder/coder/v2/agentic/auth.go:234.2,234.42 1 0
github.com/coder/coder/v2/agentic/auth.go:238.57,240.40 2 0
github.com/coder/coder/v2/agentic/auth.go:240.40,243.3 1 0
github.com/coder/coder/v2/agentic/auth.go:244.2,244.45 1 0
github.com/coder/coder/v2/agentic/auth.go:248.80,250.13 2 0
github.com/coder/coder/v2/agentic/auth.go:250.13,252.3 1 0
github.com/coder/coder/v2/agentic/auth.go:255.2,255.39 1 0
github.com/coder/coder/v2/agentic/auth.go:255.39,258.3 2 0
github.com/coder/coder/v2/agentic/auth.go:260.2,260.22 1 0
github.com/coder/coder/v2/agentic/auth.go:264.62,266.2 1 0
github.com/coder/coder/v2/agentic/auth.go:269.108,276.16 4 0
github.com/coder/coder/v2/agentic/auth.go:276.16,278.3 1 0
github.com/coder/coder/v2/agentic/auth.go:280.2,280.22 1 0
github.com/coder/coder/v2/agentic/auth.go:284.79,285.46 1 0
github.com/coder/coder/v2/agentic/auth.go:285.46,286.72 1 0
github.com/coder/coder/v2/agentic/auth.go:286.72,289.23 2 0
github.com/coder/coder/v2/agentic/auth.go:289.23,290.58 1 0
github.com/coder/coder/v2/agentic/auth.go:290.58,292.6 1 0
github.com/coder/coder/v2/agentic/auth.go:295.4,295.23 1 0
github.com/coder/coder/v2/agentic/auth.go:295.23,298.5 2 0
github.com/coder/coder/v2/agentic/auth.go:300.4,301.15 2 0
github.com/coder/coder/v2/agentic/auth.go:301.15,304.5 2 0
github.com/coder/coder/v2/agentic/auth.go:307.4,308.41 2 0
github.com/coder/coder/v2/agentic/auth.go:314.67,317.2 2 0
github.com/coder/coder/v2/agentic/auth.go:326.64,330.2 1 0
github.com/coder/coder/v2/agentic/auth.go:333.71,335.2 1 0
github.com/coder/coder/v2/agentic/auth.go:338.77,342.16 3 0
github.com/coder/coder/v2/agentic/auth.go:342.16,345.3 2 0
github.com/coder/coder/v2/agentic/auth.go:347.2,347.60 1 0
github.com/coder/coder/v2/agentic/auth.go:351.80,355.16 3 0
github.com/coder/coder/v2/agentic/auth.go:355.16,358.3 2 0
github.com/coder/coder/v2/agentic/auth.go:360.2,361.16 2 0
github.com/coder/coder/v2/agentic/auth.go:361.16,362.23 1 0
github.com/coder/coder/v2/agentic/auth.go:362.23,364.4 1 0
github.com/coder/coder/v2/agentic/auth.go:365.3,366.9 2 0
github.com/coder/coder/v2/agentic/auth.go:370.2,371.45 2 0
github.com/coder/coder/v2/agentic/auth.go:371.45,372.22 1 0
github.com/coder/coder/v2/agentic/auth.go:372.22,374.9 2 0
github.com/coder/coder/v2/agentic/auth.go:378.2,399.4 3 0
github.com/coder/coder/v2/agentic/auth.go:403.78,405.21 2 0
github.com/coder/coder/v2/agentic/auth.go:405.21,406.56 1 0
github.com/coder/coder/v2/agentic/auth.go:406.56,408.4 1 0
github.com/coder/coder/v2/agentic/auth.go:411.2,411.21 1 0
github.com/coder/coder/v2/agentic/auth.go:411.21,413.3 1 0
github.com/coder/coder/v2/agentic/auth.go:416.2,430.4 3 0
github.com/coder/coder/v2/agentic/config.go:98.30,130.2 1 0
github.com/coder/coder/v2/agentic/config.go:136.70,138.72 1 0
github.com/coder/coder/v2/agentic/config.go:138.72,140.3 1 0
github.com/coder/coder/v2/agentic/config.go:142.2,142.80 1 0
github.com/coder/coder/v2/agentic/config.go:142.80,144.3 1 0
github.com/coder/coder/v2/agentic/config.go:146.2,146.78 1 0
github.com/coder/coder/v2/agentic/config.go:146.78,148.3 1 0
github.com/coder/coder/v2/agentic/config.go:151.2,151.73 1 0
github.com/coder/coder/v2/agentic/config.go:151.73,153.3 1 0
github.com/coder/coder/v2/agentic/config.go:156.2,156.77 1 0
github.com/coder/coder/v2/agentic/config.go:156.77,158.3 1 0
github.com/coder/coder/v2/agentic/config.go:161.2,161.70 1 0
github.com/coder/coder/v2/agentic/config.go:161.70,163.3 1 0
github.com/coder/coder/v2/agentic/config.go:164.2,164.73 1 0
github.com/coder/coder/v2/agentic/config.go:164.73,166.3 1 0
github.com/coder/coder/v2/agentic/config.go:167.2,167.68 1 0
github.com/coder/coder/v2/agentic/config.go:167.68,169.3 1 0
github.com/coder/coder/v2/agentic/config.go:172.2,172.74 1 0
github.com/coder/coder/v2/agentic/config.go:172.74,174.3 1 0
github.com/coder/coder/v2/agentic/config.go:175.2,175.71 1 0
github.com/coder/coder/v2/agentic/config.go:175.71,177.3 1 0
github.com/coder/coder/v2/agentic/config.go:180.2,180.69 1 0
github.com/coder/coder/v2/agentic/config.go:180.69,182.3 1 0
github.com/coder/coder/v2/agentic/config.go:184.2,184.79 1 0
github.com/coder/coder/v2/agentic/config.go:184.79,186.3 1 0
github.com/coder/coder/v2/agentic/config.go:188.2,188.79 1 0
github.com/coder/coder/v2/agentic/config.go:188.79,190.3 1 0
github.com/coder/coder/v2/agentic/config.go:192.2,192.73 1 0
github.com/coder/coder/v2/agentic/config.go:192.73,194.3 1 0
github.com/coder/coder/v2/agentic/config.go:196.2,196.71 1 0
github.com/coder/coder/v2/agentic/config.go:196.71,198.3 1 0
github.com/coder/coder/v2/agentic/config.go:201.2,201.69 1 0
github.com/coder/coder/v2/agentic/config.go:201.69,203.3 1 0
github.com/coder/coder/v2/agentic/config.go:205.2,205.72 1 0
github.com/coder/coder/v2/agentic/config.go:205.72,207.3 1 0
github.com/coder/coder/v2/agentic/config.go:210.2,210.68 1 0
github.com/coder/coder/v2/agentic/config.go:210.68,212.3 1 0
github.com/coder/coder/v2/agentic/config.go:214.2,214.70 1 0
github.com/coder/coder/v2/agentic/config.go:214.70,216.3 1 0
github.com/coder/coder/v2/agentic/config.go:218.2,218.74 1 0
github.com/coder/coder/v2/agentic/config.go:218.74,220.3 1 0
github.com/coder/coder/v2/agentic/config.go:223.2,223.63 1 0
github.com/coder/coder/v2/agentic/config.go:223.63,225.3 1 0
github.com/coder/coder/v2/agentic/config.go:227.2,227.73 1 0
github.com/coder/coder/v2/agentic/config.go:227.73,229.3 1 0
github.com/coder/coder/v2/agentic/config.go:231.2,231.74 1 0
github.com/coder/coder/v2/agentic/config.go:231.74,233.3 1 0
github.com/coder/coder/v2/agentic/config.go:235.2,235.75 1 0
github.com/coder/coder/v2/agentic/config.go:235.75,237.3 1 0
github.com/coder/coder/v2/agentic/config.go:239.2,239.12 1 0
github.com/coder/coder/v2/agentic/connector_agentzero.go:28.63,30.2 1 0
github.com/coder/coder/v2/agentic/connector_agentzero.go:32.41,32.64 1 0
github.com/coder/coder/v2/agentic/connector_agentzero.go:34.58,36.2 1 0
github.com/coder/coder/v2/agentic/connector_agentzero.go:38.89,40.20 2 0
github.com/coder/coder/v2/agentic/connector_agentzero.go:40.20,42.3 1 0
github.com/coder/coder/v2/agentic/connector_agentzero.go:44.2,51.16 3 0
github.com/coder/coder/v2/agentic/connector_agentzero.go:51.16,54.3 2 0
github.com/coder/coder/v2/agentic/connector_agentzero.go:55.2,56.16 2 0
github.com/coder/coder/v2/agentic/connector_agentzero.go:56.16,59.3 2 0
github.com/coder/coder/v2/agentic/connector_agentzero.go:60.2,64.16 5 0
github.com/coder/coder/v2/agentic/connector_agentzero.go:64.16,67.3 2 0
github.com/coder/coder/v2/agentic/connector_agentzero.go:68.2,70.28 3 0
github.com/coder/coder/v2/agentic/connector_agentzero.go:70.28,73.3 2 0
github.com/coder/coder/v2/agentic/connector_agentzero.go:74.2,78.55 2 0
github.com/coder/coder/v2/agentic/connector_agentzero.go:78.55,80.3 1 0
github.com/coder/coder/v2/agentic/connector_agentzero.go:81.2,81.26 1 0
github.com/coder/coder/v2/agentic/connector_agentzero.go:81.26,83.3 1 0
github.com/coder/coder/v2/agentic/connector_agentzero.go:84.2,84.49 1 0
github.com/coder/coder/v2/agentic/connector_docker.go:89.54,90.22 1 0
github.com/coder/coder/v2/agentic/connector_docker.go:90.22,92.3 1 0
github.com/coder/coder/v2/agentic/connector_docker.go:94.2,94.32 1 0
github.com/coder/coder/v2/agentic/connector_docker.go:97.38,97.57 1 0
github.com/coder/coder/v2/agentic/connector_docker.go:99.55,101.2 1 0
github.com/coder/coder/v2/agentic/connector_docker.go:103.86,106.63 2 0
github.com/coder/coder/v2/agentic/connector_docker.go:106.63,108.3 1 0
github.com/coder/coder/v2/agentic/connector_docker.go:111.2,111.27 1 0
github.com/coder/coder/v2/agentic/connector_docker.go:112.13,114.17 2 0
github.com/coder/coder/v2/agentic/connector_docker.go:114.17,116.4 1 0
github.com/coder/coder/v2/agentic/connector_docker.go:117.3,117.42 1 0
github.com/coder/coder/v2/agentic/connector_docker.go:119.15,121.17 2 0
github.com/coder/coder/v2/agentic/connector_docker.go:121.17,123.4 1 0
github.com/coder/coder/v2/agentic/connector_docker.go:124.3,124.42 1 0
github.com/coder/coder/v2/agentic/connector_docker.go:126.20,128.17 2 0
github.com/coder/coder/v2/agentic/connector_docker.go:128.17,130.4 1 0
github.com/coder/coder/v2/agentic/connector_docker.go:131.3,131.42 1 0
github.com/coder/coder/v2/agentic/connector_docker.go:133.16,135.17 2 0
github.com/coder/coder/v2/agentic/connector_docker.go:135.17,137.4 1 0
github.com/coder/coder/v2/agentic/connector_docker.go:138.3,138.42 1 0
github.com/coder/coder/v2/agentic/connector_docker.go:140.14,142.17 2 0
github.com/coder/coder/v2/agentic/connector_docker.go:142.17,144.4 1 0
github.com/coder/coder/v2/agentic/connector_docker.go:145.3,145.42 1 0
github.com/coder/coder/v2/agentic/connector_docker.go:147.15,149.17 2 0
github.com/coder/coder/v2/agentic/connector_docker.go:149.17,151.4 1 0
github.com/coder/coder/v2/agentic/connector_docker.go:152.3,152.42 1 0
github.com/coder/coder/v2/agentic/connector_docker.go:154.22,156.17 2 0
github.com/coder/coder/v2/agentic/connector_docker.go:156.17,158.4 1 0
github.com/coder/coder/v2/agentic/connector_docker.go:159.3,159.42 1 0
github.com/coder/coder/v2/agentic/connector_docker.go:161.14,163.17 2 0
github.com/coder/coder/v2/agentic/connector_docker.go:163.17,165.4 1 0
github.com/coder/coder/v2/agentic/connector_docker.go:166.3,166.42 1 0
github.com/coder/coder/v2/agentic/connector_docker.go:168.14,170.17 2 0
github.com/coder/coder/v2/agentic/connector_docker.go:170.17,172.4 1 0
github.com/coder/coder/v2/agentic/connector_docker.go:173.3,173.42 1 0
github.com/coder/coder/v2/agentic/connector_docker.go:175.14,177.17 2 0
github.com/coder/coder/v2/agentic/connector_docker.go:177.17,179.4 1 0
github.com/coder/coder/v2/agentic/connector_docker.go:180.3,180.42 1 0
github.com/coder/coder/v2/agentic/connector_docker.go:182.17,184.17 2 0
github.com/coder/coder/v2/agentic/connector_docker.go:184.17,186.4 1 0
github.com/coder/coder/v2/agentic/connector_docker.go:187.3,187.42 1 0
github.com/coder/coder/v2/agentic/connector_docker.go:189.17,191.17 2 0
github.com/coder/coder/v2/agentic/connector_docker.go:191.17,193.4 1 0
github.com/coder/coder/v2/agentic/connector_docker.go:194.3,194.42 1 0
github.com/coder/coder/v2/agentic/connector_docker.go:196.10,197.94 1 0
github.com/coder/coder/v2/agentic/connector_docker.go:202.108,206.17 2 0
github.com/coder/coder/v2/agentic/connector_docker.go:206.17,208.3 1 0
github.com/coder/coder/v2/agentic/connector_docker.go:210.2,210.17 1 0
github.com/coder/coder/v2/agentic/connector_docker.go:210.17,212.3 1 0
github.com/coder/coder/v2/agentic/connector_docker.go:214.2,214.21 1 0
github.com/coder/coder/v2/agentic/connector_docker.go:214.21,216.3 1 0
github.com/coder/coder/v2/agentic/connector_docker.go:219.2,219.34 1 0
github.com/coder/coder/v2/agentic/connector_docker.go:219.34,221.3 1 0
github.com/coder/coder/v2/agentic/connector_docker.go:224.2,224.38 1 0
github.com/coder/coder/v2/agentic/connector_docker.go:224.38,226.3 1 0
github.com/coder/coder/v2/agentic/connector_docker.go:229.2,229.35 1 0
github.com/coder/coder/v2/agentic/connector_docker.go:229.35,231.3 1 0
github.com/coder/coder/v2/agentic/connector_docker.go:234.2,234.38 1 0
github.com/coder/coder/v2/agentic/connector_docker.go:234.38,236.3 1 0
github.com/coder/coder/v2/agentic/connector_docker.go:239.2,239.24 1 0
github.com/coder/coder/v2/agentic/connector_docker.go:239.24,241.3 1 0
github.com/coder/coder/v2/agentic/connector_docker.go:244.2,244.43 1 0
github.com/coder/coder/v2/agentic/connector_docker.go:244.43,245.20 1 0
github.com/coder/coder/v2/agentic/connector_docker.go:245.20,247.4 1 0
github.com/coder/coder/v2/agentic/connector_docker.go:247.9,247.39 1 0
github.com/coder/coder/v2/agentic/connector_docker.go:247.39,249.40 2 0
github.com/coder/coder/v2/agentic/connector_docker.go:249.40,251.5 1 0
github.com/coder/coder/v2/agentic/connector_docker.go:252.4,252.64 1 0
github.com/coder/coder/v2/agentic/connector_docker.go:253.9,255.4 1 0
github.com/coder/coder/v2/agentic/connector_docker.go:258.3,258.30 1 0
github.com/coder/coder/v2/agentic/connector_docker.go:258.30,260.4 1 0
github.com/coder/coder/v2/agentic/connector_docker.go:263.3,263.38 1 0
github.com/coder/coder/v2/agentic/connector_docker.go:263.38,266.29 2 0
github.com/coder/coder/v2/agentic/connector_docker.go:266.29,267.43 1 0
github.com/coder/coder/v2/agentic/connector_docker.go:267.43,269.11 2 0
github.com/coder/coder/v2/agentic/connector_docker.go:275.3,275.29 1 0
github.com/coder/coder/v2/agentic/connector_docker.go:275.29,278.4 1 0
github.com/coder/coder/v2/agentic/connector_docker.go:282.2,285.27 2 0
github.com/coder/coder/v2/agentic/connector_docker.go:285.27,287.3 1 0
github.com/coder/coder/v2/agentic/connector_docker.go:289.2,290.16 2 0
github.com/coder/coder/v2/agentic/connector_docker.go:290.16,292.3 1 0
github.com/coder/coder/v2/agentic/connector_docker.go:294.2,301.20 2 0
github.com/coder/coder/v2/agentic/connector_docker.go:305.106,308.21 2 0
github.com/coder/coder/v2/agentic/connector_docker.go:308.21,310.3 1 0
github.com/coder/coder/v2/agentic/connector_docker.go:312.2,312.30 1 0
github.com/coder/coder/v2/agentic/connector_docker.go:312.30,314.3 1 0
github.com/coder/coder/v2/agentic/connector_docker.go:317.2,317.38 1 0
github.com/coder/coder/v2/agentic/connector_docker.go:317.38,319.3 1 0
github.com/coder/coder/v2/agentic/connector_docker.go:322.2,323.21 2 0
github.com/coder/coder/v2/agentic/connector_docker.go:323.21,325.3 1 0
github.com/coder/coder/v2/agentic/connector_docker.go:326.2,329.16 3 0
github.com/coder/coder/v2/agentic/connector_docker.go:329.16,331.3 1 0
github.com/coder/coder/v2/agentic/connector_docker.go:333.2,339.20 2 0
github.com/coder/coder/v2/agentic/connector_docker.go:343.103,347.24 2 0
github.com/coder/coder/v2/agentic/connector_docker.go:347.24,348.54 1 0
github.com/coder/coder/v2/agentic/connector_docker.go:348.54,350.4 1 0
github.com/coder/coder/v2/agentic/connector_docker.go:353.2,354.16 2 0
github.com/coder/coder/v2/agentic/connector_docker.go:354.16,356.3 1 0
github.com/coder/coder/v2/agentic/connector_docker.go:358.2,361.21 3 0
github.com/coder/coder/v2/agentic/connector_docker.go:361.21,363.17 2 0
github.com/coder/coder/v2/agentic/connector_docker.go:363.17,364.12 1 0
github.com/coder/coder/v2/agentic/connector_docker.go:367.3,368.70 2 0
github.com/coder/coder/v2/agentic/connector_docker.go:368.70,369.12 1 0
github.com/coder/coder/v2/agentic/connector_docker.go:372.3,379.73 2 0
github.com/coder/coder/v2/agentic/connector_docker.go:379.73,381.4 1 0
github.com/coder/coder/v2/agentic/connector_docker.go:383.3,383.45 1 0
github.com/coder/coder/v2/agentic/connector_docker.go:386.2,386.24 1 0
github.com/coder/coder/v2/agentic/connector_docker.go:390.77,394.16 3 0
github.com/coder/coder/v2/agentic/connector_docker.go:394.16,396.3 1 0
github.com/coder/coder/v2/agentic/connector_docker.go:398.2,401.21 3 0
github.com/coder/coder/v2/agentic/connector_docker.go:401.21,403.17 2 0
github.com/coder/coder/v2/agentic/connector_docker.go:403.17,404.12 1 0
github.com/coder/coder/v2/agentic/connector_docker.go:407.3,408.66 2 0
github.com/coder/coder/v2/agentic/connector_docker.go:408.66,409.12 1 0
github.com/coder/coder/v2/agentic/connector_docker.go:412.3,417.33 2 0
github.com/coder/coder/v2/agentic/connector_docker.go:420.2,420.20 1 0
github.com/coder/coder/v2/agentic/connector_docker.go:424.109,425.21 1 0
github.com/coder/coder/v2/agentic/connector_docker.go:425.21,427.3 1 0
github.com/coder/coder/v2/agentic/connector_docker.go:429.2,432.16 3 0
github.com/coder/coder/v2/agentic/connector_docker.go:432.16,434.3 1 0
github.com/coder/coder/v2/agentic/connector_docker.go:436.2,442.20 2 0
github.com/coder/coder/v2/agentic/connector_docker.go:446.110,447.21 1 0
github.com/coder/coder/v2/agentic/connector_docker.go:447.21,449.3 1 0
github.com/coder/coder/v2/agentic/connector_docker.go:451.2,454.16 3 0
github.com/coder/coder/v2/agentic/connector_docker.go:454.16,456.3 1 0
github.com/coder/coder/v2/agentic/connector_docker.go:458.2,464.20 2 0
github.com/coder/coder/v2/agentic/connector_docker.go:468.111,469.21 1 0
github.com/coder/coder/v2/agentic/connector_docker.go:469.21,471.3 1 0
github.com/coder/coder/v2/agentic/connector_docker.go:473.2,476.24 2 0
github.com/coder/coder/v2/agentic/connector_docker.go:476.24,477.60 1 0
github.com/coder/coder/v2/agentic/connector_docker.go:477.60,479.4 1 0
github.com/coder/coder/v2/agentic/connector_docker.go:482.2,485.16 3 0
github.com/coder/coder/v2/agentic/connector_docker.go:485.16,487.3 1 0
github.com/coder/coder/v2/agentic/connector_docker.go:489.2,495.20 2 0
github.com/coder/coder/v2/agentic/connector_docker.go:499.103,500.21 1 0
github.com/coder/coder/v2/agentic/connector_docker.go:500.21,502.3 1 0
github.com/coder/coder/v2/agentic/connector_docker.go:504.2,507.24 2 0
github.com/coder/coder/v2/agentic/connector_docker.go:507.24,508.63 1 0
github.com/coder/coder/v2/agentic/connector_docker.go:508.63,510.4 1 0
github.com/coder/coder/v2/agentic/connector_docker.go:511.3,511.65 1 0
github.com/coder/coder/v2/agentic/connector_docker.go:511.65,513.4 1 0
github.com/coder/coder/v2/agentic/connector_docker.go:514.3,514.68 1 0
github.com/coder/coder/v2/agentic/connector_docker.go:514.68,516.4 1 0
github.com/coder/coder/v2/agentic/connector_docker.go:519.2,522.16 3 0
github.com/coder/coder/v2/agentic/connector_docker.go:522.16,524.3 1 0
github.com/coder/coder/v2/agentic/connector_docker.go:526.2,532.20 2 0
github.com/coder/coder/v2/agentic/connector_docker.go:536.105,537.22 1 0
github.com/coder/coder/v2/agentic/connector_docker.go:537.22,539.3 1 0
github.com/coder/coder/v2/agentic/connector_docker.go:541.2,544.16 3 0
github.com/coder/coder/v2/agentic/connector_docker.go:544.16,546.3 1 0
github.com/coder/coder/v2/agentic/connector_docker.go:548.2,554.20 2 0
github.com/coder/coder/v2/agentic/connector_docker.go:558.105,559.22 1 0
github.com/coder/coder/v2/agentic/connector_docker.go:559.22,561.3 1 0
github.com/coder/coder/v2/agentic/connector_docker.go:563.2,566.16 3 0
github.com/coder/coder/v2/agentic/connector_docker.go:566.16,568.3 1 0
github.com/coder/coder/v2/agentic/connector_docker.go:570.2,576.20 2 0
github.com/coder/coder/v2/agentic/connector_docker.go:580.109,581.25 1 0
github.com/coder/coder/v2/agentic/connector_docker.go:581.25,583.3 1 0
github.com/coder/coder/v2/agentic/connector_docker.go:585.2,589.24 3 0
github.com/coder/coder/v2/agentic/connector_docker.go:589.24,591.3 1 0
github.com/coder/coder/v2/agentic/connector_docker.go:594.2,594.27 1 0
github.com/coder/coder/v2/agentic/connector_docker.go:594.27,596.3 1 0
github.com/coder/coder/v2/agentic/connector_docker.go:599.2,599.44 1 0
github.com/coder/coder/v2/agentic/connector_docker.go:599.44,601.3 1 0
github.com/coder/coder/v2/agentic/connector_docker.go:604.2,604.24 1 0
github.com/coder/coder/v2/agentic/connector_docker.go:604.24,605.63 1 0
github.com/coder/coder/v2/agentic/connector_docker.go:605.63,607.4 1 0
github.com/coder/coder/v2/agentic/connector_docker.go:607.9,609.4 1 0
github.com/coder/coder/v2/agentic/connector_docker.go:610.8,612.3 1 0
github.com/coder/coder/v2/agentic/connector_docker.go:615.2,615.31 1 0
github.com/coder/coder/v2/agentic/connector_docker.go:615.31,617.3 1 0
github.com/coder/coder/v2/agentic/connector_docker.go:620.2,621.42 2 0
github.com/coder/coder/v2/agentic/connector_docker.go:621.42,623.3 1 0
github.com/coder/coder/v2/agentic/connector_docker.go:625.2,626.16 2 0
github.com/coder/coder/v2/agentic/connector_docker.go:626.16,628.3 1 0
github.com/coder/coder/v2/agentic/connector_docker.go:630.2,636.20 2 0
github.com/coder/coder/v2/agentic/connector_docker.go:640.112,641.21 1 0
github.com/coder/coder/v2/agentic/connector_docker.go:641.21,643.3 1 0
github.com/coder/coder/v2/agentic/connector_docker.go:645.2,648.16 3 0
github.com/coder/coder/v2/agentic/connector_docker.go:648.16,650.3 1 0
github.com/coder/coder/v2/agentic/connector_docker.go:652.2,653.69 2 0
github.com/coder/coder/v2/agentic/connector_docker.go:653.69,655.3 1 0
github.com/coder/coder/v2/agentic/connector_docker.go:657.2,663.20 2 0
github.com/coder/coder/v2/agentic/connector_docker.go:667.89,669.2 1 0
github.com/coder/coder/v2/agentic/connector_docker.go:672.110,675.18 2 0
github.com/coder/coder/v2/agentic/connector_docker.go:675.18,677.3 1 0
github.com/coder/coder/v2/agentic/connector_docker.go:680.2,680.22 1 0
github.com/coder/coder/v2/agentic/connector_docker.go:680.22,682.3 1 0
github.com/coder/coder/v2/agentic/connector_docker.go:685.2,685.15 1 0
github.com/coder/coder/v2/agentic/connector_docker.go:685.15,687.27 2 0
github.com/coder/coder/v2/agentic/connector_docker.go:687.27,689.4 1 0
github.com/coder/coder/v2/agentic/connector_docker.go:692.2,697.16 5 0
github.com/coder/coder/v2/agentic/connector_docker.go:697.16,699.3 1 0
github.com/coder/coder/v2/agentic/connector_docker.go:701.2,701.29 1 0
github.com/coder/coder/v2/agentic/connector_docker.go:705.66,706.27 1 0
github.com/coder/coder/v2/agentic/connector_docker.go:706.27,707.34 1 0
github.com/coder/coder/v2/agentic/connector_docker.go:707.34,709.4 1 0
github.com/coder/coder/v2/agentic/connector_docker.go:711.2,711.11 1 0
github.com/coder/coder/v2/agentic/connector_gpu.go:104.45,106.29 1 0
github.com/coder/coder/v2/agentic/connector_gpu.go:106.29,108.3 1 0
github.com/coder/coder/v2/agentic/connector_gpu.go:109.2,109.29 1 0
github.com/coder/coder/v2/agentic/connector_gpu.go:109.29,111.3 1 0
github.com/coder/coder/v2/agentic/connector_gpu.go:112.2,112.29 1 0
github.com/coder/coder/v2/agentic/connector_gpu.go:112.29,114.3 1 0
github.com/coder/coder/v2/agentic/connector_gpu.go:116.2,116.29 1 0
github.com/coder/coder/v2/agentic/connector_gpu.go:119.35,119.51 1 0
github.com/coder/coder/v2/agentic/connector_gpu.go:121.52,123.2 1 0
github.com/coder/coder/v2/agentic/connector_gpu.go:125.83,128.60 2 0
github.com/coder/coder/v2/agentic/connector_gpu.go:128.60,130.3 1 0
github.com/coder/coder/v2/agentic/connector_gpu.go:133.2,133.24 1 0
github.com/coder/coder/v2/agentic/connector_gpu.go:134.24,136.17 2 0
github.com/coder/coder/v2/agentic/connector_gpu.go:136.17,138.4 1 0
github.com/coder/coder/v2/agentic/connector_gpu.go:139.3,139.42 1 0
github.com/coder/coder/v2/agentic/connector_gpu.go:141.14,143.17 2 0
github.com/coder/coder/v2/agentic/connector_gpu.go:143.17,145.4 1 0
github.com/coder/coder/v2/agentic/connector_gpu.go:146.3,146.42 1 0
github.com/coder/coder/v2/agentic/connector_gpu.go:148.17,150.17 2 0
github.com/coder/coder/v2/agentic/connector_gpu.go:150.17,152.4 1 0
github.com/coder/coder/v2/agentic/connector_gpu.go:153.3,153.42 1 0
github.com/coder/coder/v2/agentic/connector_gpu.go:155.18,157.17 2 0
github.com/coder/coder/v2/agentic/connector_gpu.go:157.17,159.4 1 0
github.com/coder/coder/v2/agentic/connector_gpu.go:160.3,160.42 1 0
github.com/coder/coder/v2/agentic/connector_gpu.go:162.20,164.17 2 0
github.com/coder/coder/v2/agentic/connector_gpu.go:164.17,166.4 1 0
github.com/coder/coder/v2/agentic/connector_gpu.go:167.3,167.42 1 0
github.com/coder/coder/v2/agentic/connector_gpu.go:169.19,171.17 2 0
github.com/coder/coder/v2/agentic/connector_gpu.go:171.17,173.4 1 0
github.com/coder/coder/v2/agentic/connector_gpu.go:174.3,174.42 1 0
github.com/coder/coder/v2/agentic/connector_gpu.go:176.21,178.17 2 0
github.com/coder/coder/v2/agentic/connector_gpu.go:178.17,180.4 1 0
github.com/coder/coder/v2/agentic/connector_gpu.go:181.3,181.42 1 0
github.com/coder/coder/v2/agentic/connector_gpu.go:183.19,185.17 2 0
github.com/coder/coder/v2/agentic/connector_gpu.go:185.17,187.4 1 0
github.com/coder/coder/v2/agentic/connector_gpu.go:188.3,188.42 1 0
github.com/coder/coder/v2/agentic/connector_gpu.go:190.18,192.17 2 0
github.com/coder/coder/v2/agentic/connector_gpu.go:192.17,194.4 1 0
github.com/coder/coder/v2/agentic/connector_gpu.go:195.3,195.42 1 0
github.com/coder/coder/v2/agentic/connector_gpu.go:197.15,199.17 2 0
github.com/coder/coder/v2/agentic/connector_gpu.go:199.17,201.4 1 0
github.com/coder/coder/v2/agentic/connector_gpu.go:202.3,202.42 1 0
github.com/coder/coder/v2/agentic/connector_gpu.go:204.10,205.91 1 0
github.com/coder/coder/v2/agentic/connector_gpu.go:210.98,212.46 1 0
github.com/coder/coder/v2/agentic/connector_gpu.go:212.46,214.3 1 0
github.com/coder/coder/v2/agentic/connector_gpu.go:216.2,222.16 3 0
github.com/coder/coder/v2/agentic/connector_gpu.go:222.16,224.3 1 0
github.com/coder/coder/v2/agentic/connector_gpu.go:226.2,227.16 2 0
github.com/coder/coder/v2/agentic/connector_gpu.go:227.16,229.3 1 0
github.com/coder/coder/v2/agentic/connector_gpu.go:231.2,238.20 2 0
github.com/coder/coder/v2/agentic/connector_gpu.go:242.100,245.26 2 0
github.com/coder/coder/v2/agentic/connector_gpu.go:245.26,248.34 2 0
github.com/coder/coder/v2/agentic/connector_gpu.go:248.34,250.4 1 0
github.com/coder/coder/v2/agentic/connector_gpu.go:251.3,253.4 1 0
github.com/coder/coder/v2/agentic/connector_gpu.go:256.2,262.16 3 0
github.com/coder/coder/v2/agentic/connector_gpu.go:262.16,264.3 1 0
github.com/coder/coder/v2/agentic/connector_gpu.go:266.2,267.16 2 0
github.com/coder/coder/v2/agentic/connector_gpu.go:267.16,269.3 1 0
github.com/coder/coder/v2/agentic/connector_gpu.go:272.2,272.22 1 0
github.com/coder/coder/v2/agentic/connector_gpu.go:272.22,274.17 2 0
github.com/coder/coder/v2/agentic/connector_gpu.go:274.17,276.4 1 0
github.com/coder/coder/v2/agentic/connector_gpu.go:279.2,286.20 2 0
github.com/coder/coder/v2/agentic/connector_gpu.go:290.101,291.28 1 0
github.com/coder/coder/v2/agentic/connector_gpu.go:291.28,298.3 1 0
github.com/coder/coder/v2/agentic/connector_gpu.go:300.2,305.6 5 0
github.com/coder/coder/v2/agentic/connector_gpu.go:305.6,306.10 1 0
github.com/coder/coder/v2/agentic/connector_gpu.go:307.21,308.25 1 0
github.com/coder/coder/v2/agentic/connector_gpu.go:309.19,310.57 1 0
github.com/coder/coder/v2/agentic/connector_gpu.go:310.57,311.14 1 0
github.com/coder/coder/v2/agentic/connector_gpu.go:315.4,316.18 2 0
github.com/coder/coder/v2/agentic/connector_gpu.go:316.18,317.13 1 0
github.com/coder/coder/v2/agentic/connector_gpu.go:319.4,319.37 1 0
github.com/coder/coder/v2/agentic/connector_gpu.go:325.2,335.20 2 0
github.com/coder/coder/v2/agentic/connector_gpu.go:339.102,343.16 3 0
github.com/coder/coder/v2/agentic/connector_gpu.go:343.16,345.3 1 0
github.com/coder/coder/v2/agentic/connector_gpu.go:347.2,348.9 2 0
github.com/coder/coder/v2/agentic/connector_gpu.go:348.9,350.3 1 0
github.com/coder/coder/v2/agentic/connector_gpu.go:353.2,354.26 2 0
github.com/coder/coder/v2/agentic/connector_gpu.go:354.26,357.3 1 0
github.com/coder/coder/v2/agentic/connector_gpu.go:357.8,359.28 1 0
github.com/coder/coder/v2/agentic/connector_gpu.go:359.28,360.77 1 0
github.com/coder/coder/v2/agentic/connector_gpu.go:360.77,362.5 1 0
github.com/coder/coder/v2/agentic/connector_gpu.go:366.2,366.28 1 0
github.com/coder/coder/v2/agentic/connector_gpu.go:366.28,368.3 1 0
github.com/coder/coder/v2/agentic/connector_gpu.go:370.2,388.20 3 0
github.com/coder/coder/v2/agentic/connector_gpu.go:392.104,395.26 2 0
github.com/coder/coder/v2/agentic/connector_gpu.go:395.26,397.3 1 0
github.com/coder/coder/v2/agentic/connector_gpu.go:397.8,402.3 1 0
github.com/coder/coder/v2/agentic/connector_gpu.go:404.2,413.20 2 0
github.com/coder/coder/v2/agentic/connector_gpu.go:417.101,423.32 4 0
github.com/coder/coder/v2/agentic/connector_gpu.go:423.32,425.21 2 0
github.com/coder/coder/v2/agentic/connector_gpu.go:425.21,427.4 1 0
github.com/coder/coder/v2/agentic/connector_gpu.go:431.2,433.32 3 0
github.com/coder/coder/v2/agentic/connector_gpu.go:433.32,435.21 2 0
github.com/coder/coder/v2/agentic/connector_gpu.go:435.21,437.4 1 0
github.com/coder/coder/v2/agentic/connector_gpu.go:441.2,441.76 1 0
github.com/coder/coder/v2/agentic/connector_gpu.go:441.76,442.64 1 0
github.com/coder/coder/v2/agentic/connector_gpu.go:442.64,443.70 1 0
github.com/coder/coder/v2/agentic/connector_gpu.go:443.70,445.5 1 0
github.com/coder/coder/v2/agentic/connector_gpu.go:450.2,456.35 2 0
github.com/coder/coder/v2/agentic/connector_gpu.go:456.35,457.105 1 0
github.com/coder/coder/v2/agentic/connector_gpu.go:457.105,459.4 1 0
github.com/coder/coder/v2/agentic/connector_gpu.go:462.2,468.20 2 0
github.com/coder/coder/v2/agentic/connector_gpu.go:472.103,478.26 2 0
github.com/coder/coder/v2/agentic/connector_gpu.go:478.26,480.34 2 0
github.com/coder/coder/v2/agentic/connector_gpu.go:480.34,482.4 1 0
github.com/coder/coder/v2/agentic/connector_gpu.go:483.3,483.86 1 0
github.com/coder/coder/v2/agentic/connector_gpu.go:486.2,487.16 2 0
github.com/coder/coder/v2/agentic/connector_gpu.go:487.16,489.3 1 0
github.com/coder/coder/v2/agentic/connector_gpu.go:491.2,499.20 3 0
github.com/coder/coder/v2/agentic/connector_gpu.go:503.105,510.16 3 0
github.com/coder/coder/v2/agentic/connector_gpu.go:510.16,512.3 1 0
github.com/coder/coder/v2/agentic/connector_gpu.go:514.2,522.20 3 0
github.com/coder/coder/v2/agentic/connector_gpu.go:526.104,530.16 3 0
github.com/coder/coder/v2/agentic/connector_gpu.go:530.16,532.3 1 0
github.com/coder/coder/v2/agentic/connector_gpu.go:534.2,540.20 2 0
github.com/coder/coder/v2/agentic/connector_gpu.go:544.99,547.26 2 0
github.com/coder/coder/v2/agentic/connector_gpu.go:547.26,548.34 1 0
github.com/coder/coder/v2/agentic/connector_gpu.go:548.34,550.4 1 0
github.com/coder/coder/v2/agentic/connector_gpu.go:551.8,553.3 1 0
github.com/coder/coder/v2/agentic/connector_gpu.go:555.2,556.16 2 0
github.com/coder/coder/v2/agentic/connector_gpu.go:556.16,558.3 1 0
github.com/coder/coder/v2/agentic/connector_gpu.go:560.2,567.20 2 0
github.com/coder/coder/v2/agentic/connector_gpu.go:573.63,576.2 2 0
github.com/coder/coder/v2/agentic/connector_gpu.go:579.88,581.2 1 0
github.com/coder/coder/v2/agentic/connector_gpu.go:584.102,592.16 6 0
github.com/coder/coder/v2/agentic/connector_gpu.go:592.16,594.3 1 0
github.com/coder/coder/v2/agentic/connector_gpu.go:596.2,596.29 1 0
github.com/coder/coder/v2/agentic/connector_gpu.go:600.68,604.29 3 0
github.com/coder/coder/v2/agentic/connector_gpu.go:604.29,605.17 1 0
github.com/coder/coder/v2/agentic/connector_gpu.go:605.17,606.12 1 0
github.com/coder/coder/v2/agentic/connector_gpu.go:609.3,610.23 2 0
github.com/coder/coder/v2/agentic/connector_gpu.go:610.23,611.12 1 0
github.com/coder/coder/v2/agentic/connector_gpu.go:614.3,616.72 2 0
github.com/coder/coder/v2/agentic/connector_gpu.go:616.72,618.4 1 0
github.com/coder/coder/v2/agentic/connector_gpu.go:620.3,626.90 6 0
github.com/coder/coder/v2/agentic/connector_gpu.go:626.90,628.4 1 0
github.com/coder/coder/v2/agentic/connector_gpu.go:630.3,630.89 1 0
github.com/coder/coder/v2/agentic/connector_gpu.go:630.89,632.4 1 0
github.com/coder/coder/v2/agentic/connector_gpu.go:634.3,634.89 1 0
github.com/coder/coder/v2/agentic/connector_gpu.go:634.89,636.4 1 0
github.com/coder/coder/v2/agentic/connector_gpu.go:638.3,638.77 1 0
github.com/coder/coder/v2/agentic/connector_gpu.go:638.77,640.4 1 0
github.com/coder/coder/v2/agentic/connector_gpu.go:642.3,642.78 1 0
github.com/coder/coder/v2/agentic/connector_gpu.go:642.78,644.4 1 0
github.com/coder/coder/v2/agentic/connector_gpu.go:646.3,646.75 1 0
github.com/coder/coder/v2/agentic/connector_gpu.go:646.75,648.4 1 0
github.com/coder/coder/v2/agentic/connector_gpu.go:650.3,650.86 1 0
github.com/coder/coder/v2/agentic/connector_gpu.go:650.86,652.4 1 0
github.com/coder/coder/v2/agentic/connector_gpu.go:654.3,654.91 1 0
github.com/coder/coder/v2/agentic/connector_gpu.go:654.91,656.4 1 0
github.com/coder/coder/v2/agentic/connector_gpu.go:658.3,658.79 1 0
github.com/coder/coder/v2/agentic/connector_gpu.go:658.79,660.4 1 0
github.com/coder/coder/v2/agentic/connector_gpu.go:662.3,662.79 1 0
github.com/coder/coder/v2/agentic/connector_gpu.go:662.79,664.4 1 0
github.com/coder/coder/v2/agentic/connector_gpu.go:667.3,667.55 1 0
github.com/coder/coder/v2/agentic/connector_gpu.go:667.55,669.4 1 0
github.com/coder/coder/v2/agentic/connector_gpu.go:669.9,671.4 1 0
github.com/coder/coder/v2/agentic/connector_gpu.go:673.3,673.27 1 0
github.com/coder/coder/v2/agentic/connector_gpu.go:676.2,676.18 1 0
github.com/coder/coder/v2/agentic/connector_gpu.go:680.76,683.2 1 0
github.com/coder/coder/v2/agentic/connector_gpu.go:686.94,694.16 3 0
github.com/coder/coder/v2/agentic/connector_gpu.go:694.16,696.3 1 0
github.com/coder/coder/v2/agentic/connector_gpu.go:698.2,698.40 1 0
github.com/coder/coder/v2/agentic/connector_gpu.go:702.66,706.29 3 0
github.com/coder/coder/v2/agentic/connector_gpu.go:706.29,707.17 1 0
github.com/coder/coder/v2/agentic/connector_gpu.go:707.17,708.12 1 0
github.com/coder/coder/v2/agentic/connector_gpu.go:711.3,712.22 2 0
github.com/coder/coder/v2/agentic/connector_gpu.go:712.22,713.12 1 0
github.com/coder/coder/v2/agentic/connector_gpu.go:716.3,718.73 2 0
github.com/coder/coder/v2/agentic/connector_gpu.go:718.73,720.4 1 0
github.com/coder/coder/v2/agentic/connector_gpu.go:722.3,724.89 2 0
github.com/coder/coder/v2/agentic/connector_gpu.go:724.89,726.4 1 0
github.com/coder/coder/v2/agentic/connector_gpu.go:728.3,730.41 2 0
github.com/coder/coder/v2/agentic/connector_gpu.go:733.2,733.18 1 0
github.com/coder/coder/v2/agentic/connector_gpu.go:737.77,741.29 3 0
github.com/coder/coder/v2/agentic/connector_gpu.go:741.29,742.17 1 0
github.com/coder/coder/v2/agentic/connector_gpu.go:742.17,743.12 1 0
github.com/coder/coder/v2/agentic/connector_gpu.go:746.3,747.22 2 0
github.com/coder/coder/v2/agentic/connector_gpu.go:747.22,748.12 1 0
github.com/coder/coder/v2/agentic/connector_gpu.go:751.3,755.90 2 0
github.com/coder/coder/v2/agentic/connector_gpu.go:755.90,757.4 1 0
github.com/coder/coder/v2/agentic/connector_gpu.go:759.3,759.89 1 0
github.com/coder/coder/v2/agentic/connector_gpu.go:759.89,761.4 1 0
github.com/coder/coder/v2/agentic/connector_gpu.go:763.3,763.89 1 0
github.com/coder/coder/v2/agentic/connector_gpu.go:763.89,765.4 1 0
github.com/coder/coder/v2/agentic/connector_gpu.go:767.3,767.34 1 0
github.com/coder/coder/v2/agentic/connector_gpu.go:770.2,770.16 1 0
github.com/coder/coder/v2/agentic/connector_gpu.go:774.113,777.16 3 0
github.com/coder/coder/v2/agentic/connector_gpu.go:777.16,779.3 1 0
github.com/coder/coder/v2/agentic/connector_gpu.go:781.2,786.20 2 0
github.com/coder/coder/v2/agentic/connector_hf.go:26.42,28.2 1 0
github.com/coder/coder/v2/agentic/connector_hf.go:30.34,30.58 1 0
github.com/coder/coder/v2/agentic/connector_hf.go:32.51,34.2 1 0
github.com/coder/coder/v2/agentic/connector_hf.go:36.82,38.20 2 0
github.com/coder/coder/v2/agentic/connector_hf.go:38.20,40.3 1 0
github.com/coder/coder/v2/agentic/connector_hf.go:41.2,42.16 2 0
github.com/coder/coder/v2/agentic/connector_hf.go:42.16,44.3 1 0
github.com/coder/coder/v2/agentic/connector_hf.go:45.2,46.16 2 0
github.com/coder/coder/v2/agentic/connector_hf.go:46.16,48.3 1 0
github.com/coder/coder/v2/agentic/connector_hf.go:49.2,52.16 4 0
github.com/coder/coder/v2/agentic/connector_hf.go:52.16,54.3 1 0
github.com/coder/coder/v2/agentic/connector_hf.go:55.2,57.28 3 0
github.com/coder/coder/v2/agentic/connector_hf.go:57.28,59.3 1 0
github.com/coder/coder/v2/agentic/connector_hf.go:60.2,61.51 2 0
github.com/coder/coder/v2/agentic/connector_hf.go:61.51,63.3 1 0
github.com/coder/coder/v2/agentic/connector_hf.go:64.2,64.38 1 0
github.com/coder/coder/v2/agentic/connector_ioi.go:26.45,28.2 1 0
github.com/coder/coder/v2/agentic/connector_ioi.go:30.35,30.63 1 0
github.com/coder/coder/v2/agentic/connector_ioi.go:32.52,34.2 1 0
github.com/coder/coder/v2/agentic/connector_ioi.go:36.83,38.20 2 0
github.com/coder/coder/v2/agentic/connector_ioi.go:38.20,40.3 1 0
github.com/coder/coder/v2/agentic/connector_ioi.go:41.2,42.16 2 0
github.com/coder/coder/v2/agentic/connector_ioi.go:42.16,44.3 1 0
github.com/coder/coder/v2/agentic/connector_ioi.go:45.2,46.16 2 0
github.com/coder/coder/v2/agentic/connector_ioi.go:46.16,48.3 1 0
github.com/coder/coder/v2/agentic/connector_ioi.go:49.2,52.16 4 0
github.com/coder/coder/v2/agentic/connector_ioi.go:52.16,54.3 1 0
github.com/coder/coder/v2/agentic/connector_ioi.go:55.2,57.28 3 0
github.com/coder/coder/v2/agentic/connector_ioi.go:57.28,59.3 1 0
github.com/coder/coder/v2/agentic/connector_ioi.go:60.2,61.51 2 0
github.com/coder/coder/v2/agentic/connector_ioi.go:61.51,63.3 1 0
github.com/coder/coder/v2/agentic/connector_ioi.go:64.2,64.38 1 0
github.com/coder/coder/v2/agentic/connector_kubernetes.go:78.66,79.22 1 0
github.com/coder/coder/v2/agentic/connector_kubernetes.go:79.22,81.3 1 0
github.com/coder/coder/v2/agentic/connector_kubernetes.go:83.2,83.36 1 0
github.com/coder/coder/v2/agentic/connector_kubernetes.go:86.42,86.65 1 0
github.com/coder/coder/v2/agentic/connector_kubernetes.go:88.59,90.2 1 0
github.com/coder/coder/v2/agentic/connector_kubernetes.go:92.90,95.60 2 0
github.com/coder/coder/v2/agentic/connector_kubernetes.go:95.60,97.3 1 0
github.com/coder/coder/v2/agentic/connector_kubernetes.go:100.2,100.24 1 0
github.com/coder/coder/v2/agentic/connector_kubernetes.go:101.15,103.17 2 0
github.com/coder/coder/v2/agentic/connector_kubernetes.go:103.17,105.4 1 0
github.com/coder/coder/v2/agentic/connector_kubernetes.go:106.3,106.42 1 0
github.com/coder/coder/v2/agentic/connector_kubernetes.go:108.16,110.17 2 0
github.com/coder/coder/v2/agentic/connector_kubernetes.go:110.17,112.4 1 0
github.com/coder/coder/v2/agentic/connector_kubernetes.go:113.3,113.42 1 0
github.com/coder/coder/v2/agentic/connector_kubernetes.go:115.21,117.17 2 0
github.com/coder/coder/v2/agentic/connector_kubernetes.go:117.17,119.4 1 0
github.com/coder/coder/v2/agentic/connector_kubernetes.go:120.3,120.42 1 0
github.com/coder/coder/v2/agentic/connector_kubernetes.go:122.16,124.17 2 0
github.com/coder/coder/v2/agentic/connector_kubernetes.go:124.17,126.4 1 0
github.com/coder/coder/v2/agentic/connector_kubernetes.go:127.3,127.42 1 0
github.com/coder/coder/v2/agentic/connector_kubernetes.go:129.15,131.17 2 0
github.com/coder/coder/v2/agentic/connector_kubernetes.go:131.17,133.4 1 0
github.com/coder/coder/v2/agentic/connector_kubernetes.go:134.3,134.42 1 0
github.com/coder/coder/v2/agentic/connector_kubernetes.go:136.14,138.17 2 0
github.com/coder/coder/v2/agentic/connector_kubernetes.go:138.17,140.4 1 0
github.com/coder/coder/v2/agentic/connector_kubernetes.go:141.3,141.42 1 0
github.com/coder/coder/v2/agentic/connector_kubernetes.go:143.14,145.17 2 0
github.com/coder/coder/v2/agentic/connector_kubernetes.go:145.17,147.4 1 0
github.com/coder/coder/v2/agentic/connector_kubernetes.go:148.3,148.42 1 0
github.com/coder/coder/v2/agentic/connector_kubernetes.go:150.18,152.17 2 0
github.com/coder/coder/v2/agentic/connector_kubernetes.go:152.17,154.4 1 0
github.com/coder/coder/v2/agentic/connector_kubernetes.go:155.3,155.42 1 0
github.com/coder/coder/v2/agentic/connector_kubernetes.go:157.22,159.17 2 0
github.com/coder/coder/v2/agentic/connector_kubernetes.go:159.17,161.4 1 0
github.com/coder/coder/v2/agentic/connector_kubernetes.go:162.3,162.42 1 0
github.com/coder/coder/v2/agentic/connector_kubernetes.go:164.22,166.17 2 0
github.com/coder/coder/v2/agentic/connector_kubernetes.go:166.17,168.4 1 0
github.com/coder/coder/v2/agentic/connector_kubernetes.go:169.3,169.42 1 0
github.com/coder/coder/v2/agentic/connector_kubernetes.go:171.10,172.91 1 0
github.com/coder/coder/v2/agentic/connector_kubernetes.go:177.117,181.26 2 0
github.com/coder/coder/v2/agentic/connector_kubernetes.go:181.26,183.3 1 0
github.com/coder/coder/v2/agentic/connector_kubernetes.go:183.8,183.34 1 0
github.com/coder/coder/v2/agentic/connector_kubernetes.go:183.34,185.3 1 0
github.com/coder/coder/v2/agentic/connector_kubernetes.go:188.2,188.25 1 0
github.com/coder/coder/v2/agentic/connector_kubernetes.go:188.25,190.3 1 0
github.com/coder/coder/v2/agentic/connector_kubernetes.go:190.8,190.28 1 0
github.com/coder/coder/v2/agentic/connector_kubernetes.go:190.28,192.3 1 0
github.com/coder/coder/v2/agentic/connector_kubernetes.go:192.8,194.3 1 0
github.com/coder/coder/v2/agentic/connector_kubernetes.go:196.2,197.25 2 0
github.com/coder/coder/v2/agentic/connector_kubernetes.go:197.25,199.3 1 0
github.com/coder/coder/v2/agentic/connector_kubernetes.go:201.2,202.16 2 0
github.com/coder/coder/v2/agentic/connector_kubernetes.go:202.16,204.3 1 0
github.com/coder/coder/v2/agentic/connector_kubernetes.go:206.2,211.20 2 0
github.com/coder/coder/v2/agentic/connector_kubernetes.go:215.118,218.25 2 0
github.com/coder/coder/v2/agentic/connector_kubernetes.go:218.25,220.3 1 0
github.com/coder/coder/v2/agentic/connector_kubernetes.go:222.2,224.21 2 0
github.com/coder/coder/v2/agentic/connector_kubernetes.go:224.21,226.3 1 0
github.com/coder/coder/v2/agentic/connector_kubernetes.go:229.2,229.26 1 0
github.com/coder/coder/v2/agentic/connector_kubernetes.go:229.26,231.3 1 0
github.com/coder/coder/v2/agentic/connector_kubernetes.go:231.8,231.34 1 0
github.com/coder/coder/v2/agentic/connector_kubernetes.go:231.34,233.3 1 0
github.com/coder/coder/v2/agentic/connector_kubernetes.go:236.2,236.26 1 0
github.com/coder/coder/v2/agentic/connector_kubernetes.go:236.26,238.39 2 0
github.com/coder/coder/v2/agentic/connector_kubernetes.go:238.39,240.4 1 0
github.com/coder/coder/v2/agentic/connector_kubernetes.go:241.3,241.63 1 0
github.com/coder/coder/v2/agentic/connector_kubernetes.go:245.2,245.21 1 0
github.com/coder/coder/v2/agentic/connector_kubernetes.go:245.21,247.3 1 0
github.com/coder/coder/v2/agentic/connector_kubernetes.go:249.2,250.16 2 0
github.com/coder/coder/v2/agentic/connector_kubernetes.go:250.16,252.3 1 0
github.com/coder/coder/v2/agentic/connector_kubernetes.go:254.2,261.20 2 0
github.com/coder/coder/v2/agentic/connector_kubernetes.go:265.114,268.25 2 0
github.com/coder/coder/v2/agentic/connector_kubernetes.go:268.25,270.3 1 0
github.com/coder/coder/v2/agentic/connector_kubernetes.go:272.2,274.21 2 0
github.com/coder/coder/v2/agentic/connector_kubernetes.go:274.21,276.3 1 0
github.com/coder/coder/v2/agentic/connector_kubernetes.go:279.2,279.26 1 0
github.com/coder/coder/v2/agentic/connector_kubernetes.go:279.26,281.3 1 0
github.com/coder/coder/v2/agentic/connector_kubernetes.go:281.8,281.34 1 0
github.com/coder/coder/v2/agentic/connector_kubernetes.go:281.34,283.3 1 0
github.com/coder/coder/v2/agentic/connector_kubernetes.go:286.2,286.26 1 0
github.com/coder/coder/v2/agentic/connector_kubernetes.go:286.26,288.39 2 0
github.com/coder/coder/v2/agentic/connector_kubernetes.go:288.39,290.4 1 0
github.com/coder/coder/v2/agentic/connector_kubernetes.go:291.3,291.63 1 0
github.com/coder/coder/v2/agentic/connector_kubernetes.go:295.2,298.16 3 0
github.com/coder/coder/v2/agentic/connector_kubernetes.go:298.16,300.3 1 0
github.com/coder/coder/v2/agentic/connector_kubernetes.go:303.2,307.66 2 0
github.com/coder/coder/v2/agentic/connector_kubernetes.go:307.66,309.3 1 0
github.com/coder/coder/v2/agentic/connector_kubernetes.go:311.2,312.38 2 0
github.com/coder/coder/v2/agentic/connector_kubernetes.go:312.38,320.92 2 0
github.com/coder/coder/v2/agentic/connector_kubernetes.go:320.92,322.29 2 0
github.com/coder/coder/v2/agentic/connector_kubernetes.go:322.29,323.34 1 0
github.com/coder/coder/v2/agentic/connector_kubernetes.go:323.34,325.6 1 0
github.com/coder/coder/v2/agentic/connector_kubernetes.go:330.3,330.76 1 0
github.com/coder/coder/v2/agentic/connector_kubernetes.go:330.76,332.4 1 0
github.com/coder/coder/v2/agentic/connector_kubernetes.go:332.9,332.91 1 0
github.com/coder/coder/v2/agentic/connector_kubernetes.go:332.91,335.4 1 0
github.com/coder/coder/v2/agentic/connector_kubernetes.go:337.3,337.42 1 0
github.com/coder/coder/v2/agentic/connector_kubernetes.go:340.2,340.23 1 0
github.com/coder/coder/v2/agentic/connector_kubernetes.go:344.118,348.26 2 0
github.com/coder/coder/v2/agentic/connector_kubernetes.go:348.26,350.3 1 0
github.com/coder/coder/v2/agentic/connector_kubernetes.go:350.8,350.34 1 0
github.com/coder/coder/v2/agentic/connector_kubernetes.go:350.34,352.3 1 0
github.com/coder/coder/v2/agentic/connector_kubernetes.go:355.2,355.25 1 0
github.com/coder/coder/v2/agentic/connector_kubernetes.go:355.25,357.3 1 0
github.com/coder/coder/v2/agentic/connector_kubernetes.go:357.8,357.28 1 0
github.com/coder/coder/v2/agentic/connector_kubernetes.go:357.28,359.3 1 0
github.com/coder/coder/v2/agentic/connector_kubernetes.go:359.8,361.3 1 0
github.com/coder/coder/v2/agentic/connector_kubernetes.go:363.2,364.25 2 0
github.com/coder/coder/v2/agentic/connector_kubernetes.go:364.25,366.3 1 0
github.com/coder/coder/v2/agentic/connector_kubernetes.go:368.2,369.16 2 0
github.com/coder/coder/v2/agentic/connector_kubernetes.go:369.16,371.3 1 0
github.com/coder/coder/v2/agentic/connector_kubernetes.go:373.2,378.20 2 0
github.com/coder/coder/v2/agentic/connector_kubernetes.go:382.117,383.44 1 0
github.com/coder/coder/v2/agentic/connector_kubernetes.go:383.44,385.3 1 0
github.com/coder/coder/v2/agentic/connector_kubernetes.go:387.2,390.26 2 0
github.com/coder/coder/v2/agentic/connector_kubernetes.go:390.26,392.3 1 0
github.com/coder/coder/v2/agentic/connector_kubernetes.go:392.8,392.34 1 0
github.com/coder/coder/v2/agentic/connector_kubernetes.go:392.34,394.3 1 0
github.com/coder/coder/v2/agentic/connector_kubernetes.go:397.2,400.16 3 0
github.com/coder/coder/v2/agentic/connector_kubernetes.go:400.16,402.3 1 0
github.com/coder/coder/v2/agentic/connector_kubernetes.go:404.2,412.20 2 0
github.com/coder/coder/v2/agentic/connector_kubernetes.go:416.111,417.21 1 0
github.com/coder/coder/v2/agentic/connector_kubernetes.go:417.21,419.3 1 0
github.com/coder/coder/v2/agentic/connector_kubernetes.go:421.2,424.26 2 0
github.com/coder/coder/v2/agentic/connector_kubernetes.go:424.26,426.3 1 0
github.com/coder/coder/v2/agentic/connector_kubernetes.go:426.8,426.34 1 0
github.com/coder/coder/v2/agentic/connector_kubernetes.go:426.34,428.3 1 0
github.com/coder/coder/v2/agentic/connector_kubernetes.go:431.2,431.26 1 0
github.com/coder/coder/v2/agentic/connector_kubernetes.go:431.26,433.3 1 0
github.com/coder/coder/v2/agentic/connector_kubernetes.go:436.2,436.17 1 0
github.com/coder/coder/v2/agentic/connector_kubernetes.go:436.17,438.3 1 0
github.com/coder/coder/v2/agentic/connector_kubernetes.go:441.2,441.24 1 0
github.com/coder/coder/v2/agentic/connector_kubernetes.go:441.24,442.65 1 0
github.com/coder/coder/v2/agentic/connector_kubernetes.go:442.65,444.4 1 0
github.com/coder/coder/v2/agentic/connector_kubernetes.go:445.3,445.68 1 0
github.com/coder/coder/v2/agentic/connector_kubernetes.go:445.68,447.4 1 0
github.com/coder/coder/v2/agentic/connector_kubernetes.go:450.2,451.16 2 0
github.com/coder/coder/v2/agentic/connector_kubernetes.go:451.16,453.3 1 0
github.com/coder/coder/v2/agentic/connector_kubernetes.go:455.2,462.20 2 0
github.com/coder/coder/v2/agentic/connector_kubernetes.go:466.115,467.21 1 0
github.com/coder/coder/v2/agentic/connector_kubernetes.go:467.21,469.3 1 0
github.com/coder/coder/v2/agentic/connector_kubernetes.go:471.2,471.28 1 0
github.com/coder/coder/v2/agentic/connector_kubernetes.go:471.28,473.3 1 0
github.com/coder/coder/v2/agentic/connector_kubernetes.go:475.2,478.26 2 0
github.com/coder/coder/v2/agentic/connector_kubernetes.go:478.26,480.3 1 0
github.com/coder/coder/v2/agentic/connector_kubernetes.go:480.8,480.34 1 0
github.com/coder/coder/v2/agentic/connector_kubernetes.go:480.34,482.3 1 0
github.com/coder/coder/v2/agentic/connector_kubernetes.go:485.2,485.26 1 0
github.com/coder/coder/v2/agentic/connector_kubernetes.go:485.26,487.3 1 0
github.com/coder/coder/v2/agentic/connector_kubernetes.go:490.2,490.24 1 0
github.com/coder/coder/v2/agentic/connector_kubernetes.go:490.24,491.78 1 0
github.com/coder/coder/v2/agentic/connector_kubernetes.go:491.78,493.4 1 0
github.com/coder/coder/v2/agentic/connector_kubernetes.go:494.3,494.54 1 0
github.com/coder/coder/v2/agentic/connector_kubernetes.go:494.54,496.4 1 0
github.com/coder/coder/v2/agentic/connector_kubernetes.go:500.2,504.16 4 0
github.com/coder/coder/v2/agentic/connector_kubernetes.go:504.16,506.3 1 0
github.com/coder/coder/v2/agentic/connector_kubernetes.go:508.2,516.20 2 0
github.com/coder/coder/v2/agentic/connector_kubernetes.go:520.120,521.44 1 0
github.com/coder/coder/v2/agentic/connector_kubernetes.go:521.44,523.3 1 0
github.com/coder/coder/v2/agentic/connector_kubernetes.go:525.2,528.26 2 0
github.com/coder/coder/v2/agentic/connector_kubernetes.go:528.26,530.3 1 0
github.com/coder/coder/v2/agentic/connector_kubernetes.go:530.8,530.34 1 0
github.com/coder/coder/v2/agentic/connector_kubernetes.go:530.34,532.3 1 0
github.com/coder/coder/v2/agentic/connector_kubernetes.go:534.2,535.16 2 0
github.com/coder/coder/v2/agentic/connector_kubernetes.go:535.16,537.3 1 0
github.com/coder/coder/v2/agentic/connector_kubernetes.go:539.2,546.20 2 0
github.com/coder/coder/v2/agentic/connector_kubernetes.go:550.115,551.21 1 0
github.com/coder/coder/v2/agentic/connector_kubernetes.go:551.21,553.3 1 0
github.com/coder/coder/v2/agentic/connector_kubernetes.go:555.2,555.55 1 0
github.com/coder/coder/v2/agentic/connector_kubernetes.go:555.55,557.3 1 0
github.com/coder/coder/v2/agentic/connector_kubernetes.go:559.2,560.9 2 0
github.com/coder/coder/v2/agentic/connector_kubernetes.go:560.9,562.3 1 0
github.com/coder/coder/v2/agentic/connector_kubernetes.go:564.2,567.26 2 0
github.com/coder/coder/v2/agentic/connector_kubernetes.go:567.26,569.3 1 0
github.com/coder/coder/v2/agentic/connector_kubernetes.go:569.8,569.34 1 0
github.com/coder/coder/v2/agentic/connector_kubernetes.go:569.34,571.3 1 0
github.com/coder/coder/v2/agentic/connector_kubernetes.go:573.2,574.16 2 0
github.com/coder/coder/v2/agentic/connector_kubernetes.go:574.16,576.3 1 0
github.com/coder/coder/v2/agentic/connector_kubernetes.go:578.2,585.20 2 0
github.com/coder/coder/v2/agentic/connector_kubernetes.go:589.96,593.16 3 0
github.com/coder/coder/v2/agentic/connector_kubernetes.go:593.16,595.3 1 0
github.com/coder/coder/v2/agentic/connector_kubernetes.go:597.2,602.20 2 0
github.com/coder/coder/v2/agentic/connector_kubernetes.go:606.106,610.22 3 0
github.com/coder/coder/v2/agentic/connector_kubernetes.go:611.18,613.49 2 0
github.com/coder/coder/v2/agentic/connector_kubernetes.go:614.13,616.49 2 0
github.com/coder/coder/v2/agentic/connector_kubernetes.go:617.18,620.42 2 0
github.com/coder/coder/v2/agentic/connector_kubernetes.go:621.10,623.17 2 0
github.com/coder/coder/v2/agentic/connector_kubernetes.go:626.2,629.58 2 0
github.com/coder/coder/v2/agentic/connector_kubernetes.go:629.58,631.3 1 0
github.com/coder/coder/v2/agentic/connector_kubernetes.go:634.2,634.55 1 0
github.com/coder/coder/v2/agentic/connector_kubernetes.go:634.55,636.3 1 0
github.com/coder/coder/v2/agentic/connector_kubernetes.go:638.2,643.17 4 0
github.com/coder/coder/v2/agentic/connector_kubernetes.go:643.17,645.3 1 0
github.com/coder/coder/v2/agentic/connector_kubernetes.go:647.2,648.16 2 0
github.com/coder/coder/v2/agentic/connector_kubernetes.go:648.16,650.3 1 0
github.com/coder/coder/v2/agentic/connector_kubernetes.go:652.2,652.29 1 0
github.com/coder/coder/v2/agentic/connector_kubernetes.go:656.74,657.20 1 0
github.com/coder/coder/v2/agentic/connector_kubernetes.go:657.20,659.3 1 0
github.com/coder/coder/v2/agentic/connector_kubernetes.go:663.2,663.45 1 0
github.com/coder/coder/v2/agentic/connector_kubernetes.go:667.75,669.27 2 0
github.com/coder/coder/v2/agentic/connector_kubernetes.go:669.27,670.34 1 0
github.com/coder/coder/v2/agentic/connector_kubernetes.go:670.34,671.24 1 0
github.com/coder/coder/v2/agentic/connector_kubernetes.go:671.24,673.5 1 0
github.com/coder/coder/v2/agentic/connector_kubernetes.go:674.4,674.52 1 0
github.com/coder/coder/v2/agentic/connector_kubernetes.go:674.52,676.5 1 0
github.com/coder/coder/v2/agentic/connector_kubernetes.go:676.10,678.5 1 0
github.com/coder/coder/v2/agentic/connector_kubernetes.go:679.9,681.4 1 0
github.com/coder/coder/v2/agentic/connector_kubernetes.go:683.2,683.12 1 0
github.com/coder/coder/v2/agentic/connector_kubernetes.go:687.76,688.51 1 0
github.com/coder/coder/v2/agentic/connector_kubernetes.go:688.51,689.34 1 0
github.com/coder/coder/v2/agentic/connector_kubernetes.go:689.34,691.4 1 0
github.com/coder/coder/v2/agentic/connector_kubernetes.go:693.2,693.11 1 0
github.com/coder/coder/v2/agentic/connector_nix.go:78.45,80.24 1 0
github.com/coder/coder/v2/agentic/connector_nix.go:80.24,83.3 1 0
github.com/coder/coder/v2/agentic/connector_nix.go:85.2,85.31 1 0
github.com/coder/coder/v2/agentic/connector_nix.go:85.31,87.3 1 0
github.com/coder/coder/v2/agentic/connector_nix.go:89.2,89.29 1 0
github.com/coder/coder/v2/agentic/connector_nix.go:92.35,92.51 1 0
github.com/coder/coder/v2/agentic/connector_nix.go:94.52,96.2 1 0
github.com/coder/coder/v2/agentic/connector_nix.go:98.83,101.60 2 0
github.com/coder/coder/v2/agentic/connector_nix.go:101.60,103.3 1 0
github.com/coder/coder/v2/agentic/connector_nix.go:106.2,106.24 1 0
github.com/coder/coder/v2/agentic/connector_nix.go:107.15,109.17 2 0
github.com/coder/coder/v2/agentic/connector_nix.go:109.17,111.4 1 0
github.com/coder/coder/v2/agentic/connector_nix.go:112.3,112.42 1 0
github.com/coder/coder/v2/agentic/connector_nix.go:114.15,116.17 2 0
github.com/coder/coder/v2/agentic/connector_nix.go:116.17,118.4 1 0
github.com/coder/coder/v2/agentic/connector_nix.go:119.3,119.42 1 0
github.com/coder/coder/v2/agentic/connector_nix.go:121.17,123.17 2 0
github.com/coder/coder/v2/agentic/connector_nix.go:123.17,125.4 1 0
github.com/coder/coder/v2/agentic/connector_nix.go:126.3,126.42 1 0
github.com/coder/coder/v2/agentic/connector_nix.go:128.17,130.17 2 0
github.com/coder/coder/v2/agentic/connector_nix.go:130.17,132.4 1 0
github.com/coder/coder/v2/agentic/connector_nix.go:133.3,133.42 1 0
github.com/coder/coder/v2/agentic/connector_nix.go:135.17,137.17 2 0
github.com/coder/coder/v2/agentic/connector_nix.go:137.17,139.4 1 0
github.com/coder/coder/v2/agentic/connector_nix.go:140.3,140.42 1 0
github.com/coder/coder/v2/agentic/connector_nix.go:142.16,144.17 2 0
github.com/coder/coder/v2/agentic/connector_nix.go:144.17,146.4 1 0
github.com/coder/coder/v2/agentic/connector_nix.go:147.3,147.42 1 0
github.com/coder/coder/v2/agentic/connector_nix.go:149.15,151.17 2 0
github.com/coder/coder/v2/agentic/connector_nix.go:151.17,153.4 1 0
github.com/coder/coder/v2/agentic/connector_nix.go:154.3,154.42 1 0
github.com/coder/coder/v2/agentic/connector_nix.go:156.12,158.17 2 0
github.com/coder/coder/v2/agentic/connector_nix.go:158.17,160.4 1 0
github.com/coder/coder/v2/agentic/connector_nix.go:161.3,161.42 1 0
github.com/coder/coder/v2/agentic/connector_nix.go:163.16,165.17 2 0
github.com/coder/coder/v2/agentic/connector_nix.go:165.17,167.4 1 0
github.com/coder/coder/v2/agentic/connector_nix.go:168.3,168.42 1 0
github.com/coder/coder/v2/agentic/connector_nix.go:170.14,172.17 2 0
github.com/coder/coder/v2/agentic/connector_nix.go:172.17,174.4 1 0
github.com/coder/coder/v2/agentic/connector_nix.go:175.3,175.42 1 0
github.com/coder/coder/v2/agentic/connector_nix.go:177.15,179.17 2 0
github.com/coder/coder/v2/agentic/connector_nix.go:179.17,181.4 1 0
github.com/coder/coder/v2/agentic/connector_nix.go:182.3,182.42 1 0
github.com/coder/coder/v2/agentic/connector_nix.go:184.10,185.91 1 0
github.com/coder/coder/v2/agentic/connector_nix.go:190.105,194.25 3 0
github.com/coder/coder/v2/agentic/connector_nix.go:194.25,197.26 2 0
github.com/coder/coder/v2/agentic/connector_nix.go:197.26,199.4 1 0
github.com/coder/coder/v2/agentic/connector_nix.go:200.3,201.27 2 0
github.com/coder/coder/v2/agentic/connector_nix.go:201.27,203.4 1 0
github.com/coder/coder/v2/agentic/connector_nix.go:204.8,204.34 1 0
github.com/coder/coder/v2/agentic/connector_nix.go:204.34,207.3 1 0
github.com/coder/coder/v2/agentic/connector_nix.go:207.8,209.3 1 0
github.com/coder/coder/v2/agentic/connector_nix.go:212.2,212.23 1 0
github.com/coder/coder/v2/agentic/connector_nix.go:212.23,214.3 1 0
github.com/coder/coder/v2/agentic/connector_nix.go:217.2,220.16 3 0
github.com/coder/coder/v2/agentic/connector_nix.go:220.16,222.3 1 0
github.com/coder/coder/v2/agentic/connector_nix.go:224.2,229.29 4 0
github.com/coder/coder/v2/agentic/connector_nix.go:229.29,230.45 1 0
github.com/coder/coder/v2/agentic/connector_nix.go:230.45,232.4 1 0
github.com/coder/coder/v2/agentic/connector_nix.go:235.2,243.20 2 0
github.com/coder/coder/v2/agentic/connector_nix.go:247.98,250.25 2 0
github.com/coder/coder/v2/agentic/connector_nix.go:250.25,253.26 2 0
github.com/coder/coder/v2/agentic/connector_nix.go:253.26,255.4 1 0
github.com/coder/coder/v2/agentic/connector_nix.go:256.3,257.27 2 0
github.com/coder/coder/v2/agentic/connector_nix.go:257.27,259.4 1 0
github.com/coder/coder/v2/agentic/connector_nix.go:260.8,260.34 1 0
github.com/coder/coder/v2/agentic/connector_nix.go:260.34,263.3 1 0
github.com/coder/coder/v2/agentic/connector_nix.go:263.8,265.3 1 0
github.com/coder/coder/v2/agentic/connector_nix.go:268.2,268.24 1 0
github.com/coder/coder/v2/agentic/connector_nix.go:268.24,269.74 1 0
github.com/coder/coder/v2/agentic/connector_nix.go:269.74,271.4 1 0
github.com/coder/coder/v2/agentic/connector_nix.go:275.2,278.16 3 0
github.com/coder/coder/v2/agentic/connector_nix.go:278.16,280.3 1 0
github.com/coder/coder/v2/agentic/connector_nix.go:282.2,287.20 2 0
github.com/coder/coder/v2/agentic/connector_nix.go:291.104,294.48 2 0
github.com/coder/coder/v2/agentic/connector_nix.go:294.48,299.27 4 0
github.com/coder/coder/v2/agentic/connector_nix.go:299.27,301.4 1 0
github.com/coder/coder/v2/agentic/connector_nix.go:302.8,305.28 2 0
github.com/coder/coder/v2/agentic/connector_nix.go:305.28,307.4 1 0
github.com/coder/coder/v2/agentic/connector_nix.go:307.9,307.34 1 0
github.com/coder/coder/v2/agentic/connector_nix.go:307.34,309.4 1 0
github.com/coder/coder/v2/agentic/connector_nix.go:309.9,311.4 1 0
github.com/coder/coder/v2/agentic/connector_nix.go:315.2,315.24 1 0
github.com/coder/coder/v2/agentic/connector_nix.go:315.24,317.3 1 0
github.com/coder/coder/v2/agentic/connector_nix.go:320.2,323.16 3 0
github.com/coder/coder/v2/agentic/connector_nix.go:323.16,325.3 1 0
github.com/coder/coder/v2/agentic/connector_nix.go:327.2,333.20 2 0
github.com/coder/coder/v2/agentic/connector_nix.go:337.100,340.25 2 0
github.com/coder/coder/v2/agentic/connector_nix.go:340.25,342.3 1 0
github.com/coder/coder/v2/agentic/connector_nix.go:344.2,344.25 1 0
github.com/coder/coder/v2/agentic/connector_nix.go:344.25,346.27 2 0
github.com/coder/coder/v2/agentic/connector_nix.go:346.27,348.4 1 0
github.com/coder/coder/v2/agentic/connector_nix.go:352.2,352.24 1 0
github.com/coder/coder/v2/agentic/connector_nix.go:352.24,353.74 1 0
github.com/coder/coder/v2/agentic/connector_nix.go:353.74,355.4 1 0
github.com/coder/coder/v2/agentic/connector_nix.go:359.2,362.16 3 0
github.com/coder/coder/v2/agentic/connector_nix.go:362.16,364.3 1 0
github.com/coder/coder/v2/agentic/connector_nix.go:366.2,371.20 2 0
github.com/coder/coder/v2/agentic/connector_nix.go:375.102,378.24 2 0
github.com/coder/coder/v2/agentic/connector_nix.go:378.24,379.70 1 0
github.com/coder/coder/v2/agentic/connector_nix.go:379.70,381.4 1 0
github.com/coder/coder/v2/agentic/connector_nix.go:384.2,387.25 2 0
github.com/coder/coder/v2/agentic/connector_nix.go:387.25,389.27 2 0
github.com/coder/coder/v2/agentic/connector_nix.go:389.27,391.4 1 0
github.com/coder/coder/v2/agentic/connector_nix.go:395.2,395.24 1 0
github.com/coder/coder/v2/agentic/connector_nix.go:395.24,397.31 2 0
github.com/coder/coder/v2/agentic/connector_nix.go:397.31,402.4 1 0
github.com/coder/coder/v2/agentic/connector_nix.go:406.2,409.16 3 0
github.com/coder/coder/v2/agentic/connector_nix.go:409.16,411.3 1 0
github.com/coder/coder/v2/agentic/connector_nix.go:413.2,419.20 2 0
github.com/coder/coder/v2/agentic/connector_nix.go:423.104,424.24 1 0
github.com/coder/coder/v2/agentic/connector_nix.go:424.24,426.3 1 0
github.com/coder/coder/v2/agentic/connector_nix.go:429.2,432.25 3 0
github.com/coder/coder/v2/agentic/connector_nix.go:432.25,434.27 2 0
github.com/coder/coder/v2/agentic/connector_nix.go:434.27,436.4 1 0
github.com/coder/coder/v2/agentic/connector_nix.go:440.2,440.30 1 0
github.com/coder/coder/v2/agentic/connector_nix.go:440.30,444.3 1 0
github.com/coder/coder/v2/agentic/connector_nix.go:447.2,450.16 3 0
github.com/coder/coder/v2/agentic/connector_nix.go:450.16,452.3 1 0
github.com/coder/coder/v2/agentic/connector_nix.go:454.2,460.20 2 0
github.com/coder/coder/v2/agentic/connector_nix.go:464.104,465.26 1 0
github.com/coder/coder/v2/agentic/connector_nix.go:465.26,467.3 1 0
github.com/coder/coder/v2/agentic/connector_nix.go:469.2,470.24 2 0
github.com/coder/coder/v2/agentic/connector_nix.go:470.24,471.61 1 0
github.com/coder/coder/v2/agentic/connector_nix.go:471.61,473.4 1 0
github.com/coder/coder/v2/agentic/connector_nix.go:476.2,479.25 3 0
github.com/coder/coder/v2/agentic/connector_nix.go:479.25,481.3 1 0
github.com/coder/coder/v2/agentic/connector_nix.go:484.2,487.16 3 0
github.com/coder/coder/v2/agentic/connector_nix.go:487.16,489.3 1 0
github.com/coder/coder/v2/agentic/connector_nix.go:491.2,499.56 2 0
github.com/coder/coder/v2/agentic/connector_nix.go:499.56,501.68 2 0
github.com/coder/coder/v2/agentic/connector_nix.go:501.68,503.4 1 0
github.com/coder/coder/v2/agentic/connector_nix.go:506.2,506.20 1 0
github.com/coder/coder/v2/agentic/connector_nix.go:510.104,514.24 2 0
github.com/coder/coder/v2/agentic/connector_nix.go:514.24,515.72 1 0
github.com/coder/coder/v2/agentic/connector_nix.go:515.72,517.4 1 0
github.com/coder/coder/v2/agentic/connector_nix.go:518.3,518.64 1 0
github.com/coder/coder/v2/agentic/connector_nix.go:518.64,520.4 1 0
github.com/coder/coder/v2/agentic/connector_nix.go:524.2,527.16 3 0
github.com/coder/coder/v2/agentic/connector_nix.go:527.16,529.3 1 0
github.com/coder/coder/v2/agentic/connector_nix.go:531.2,536.20 2 0
github.com/coder/coder/v2/agentic/connector_nix.go:540.104,541.27 1 0
github.com/coder/coder/v2/agentic/connector_nix.go:541.27,543.3 1 0
github.com/coder/coder/v2/agentic/connector_nix.go:545.2,547.25 2 0
github.com/coder/coder/v2/agentic/connector_nix.go:547.25,551.20 3 0
github.com/coder/coder/v2/agentic/connector_nix.go:551.20,553.4 1 0
github.com/coder/coder/v2/agentic/connector_nix.go:554.3,554.48 1 0
github.com/coder/coder/v2/agentic/connector_nix.go:555.8,558.3 1 0
github.com/coder/coder/v2/agentic/connector_nix.go:561.2,564.16 3 0
github.com/coder/coder/v2/agentic/connector_nix.go:564.16,566.3 1 0
github.com/coder/coder/v2/agentic/connector_nix.go:569.2,571.29 3 0
github.com/coder/coder/v2/agentic/connector_nix.go:571.29,572.17 1 0
github.com/coder/coder/v2/agentic/connector_nix.go:572.17,574.4 1 0
github.com/coder/coder/v2/agentic/connector_nix.go:577.2,584.20 2 0
github.com/coder/coder/v2/agentic/connector_nix.go:588.100,593.16 3 0
github.com/coder/coder/v2/agentic/connector_nix.go:593.16,595.21 2 0
github.com/coder/coder/v2/agentic/connector_nix.go:595.21,598.47 2 0
github.com/coder/coder/v2/agentic/connector_nix.go:598.47,600.23 2 0
github.com/coder/coder/v2/agentic/connector_nix.go:600.23,602.6 1 0
github.com/coder/coder/v2/agentic/connector_nix.go:605.3,605.32 1 0
github.com/coder/coder/v2/agentic/connector_nix.go:609.2,609.74 1 0
github.com/coder/coder/v2/agentic/connector_nix.go:609.74,611.3 1 0
github.com/coder/coder/v2/agentic/connector_nix.go:614.2,614.72 1 0
github.com/coder/coder/v2/agentic/connector_nix.go:614.72,616.3 1 0
github.com/coder/coder/v2/agentic/connector_nix.go:619.2,619.77 1 0
github.com/coder/coder/v2/agentic/connector_nix.go:619.77,621.3 1 0
github.com/coder/coder/v2/agentic/connector_nix.go:623.2,624.20 2 0
github.com/coder/coder/v2/agentic/connector_nix.go:628.104,630.24 2 0
github.com/coder/coder/v2/agentic/connector_nix.go:630.24,631.61 1 0
github.com/coder/coder/v2/agentic/connector_nix.go:631.61,633.4 1 0
github.com/coder/coder/v2/agentic/connector_nix.go:636.2,639.24 2 0
github.com/coder/coder/v2/agentic/connector_nix.go:639.24,640.81 1 0
github.com/coder/coder/v2/agentic/connector_nix.go:640.81,642.4 1 0
github.com/coder/coder/v2/agentic/connector_nix.go:646.2,649.16 3 0
github.com/coder/coder/v2/agentic/connector_nix.go:649.16,651.3 1 0
github.com/coder/coder/v2/agentic/connector_nix.go:653.2,659.20 2 0
github.com/coder/coder/v2/agentic/connector_nix.go:663.104,665.2 1 0
github.com/coder/coder/v2/agentic/connector_nix.go:668.106,670.2 1 0
github.com/coder/coder/v2/agentic/connector_nix.go:673.117,677.24 2 0
github.com/coder/coder/v2/agentic/connector_nix.go:677.24,679.3 1 0
github.com/coder/coder/v2/agentic/connector_nix.go:682.2,685.25 2 0
github.com/coder/coder/v2/agentic/connector_nix.go:685.25,687.3 1 0
github.com/coder/coder/v2/agentic/connector_nix.go:690.2,690.43 1 0
github.com/coder/coder/v2/agentic/connector_nix.go:690.43,692.3 1 0
github.com/coder/coder/v2/agentic/connector_nix.go:695.2,695.28 1 0
github.com/coder/coder/v2/agentic/connector_nix.go:695.28,697.3 1 0
github.com/coder/coder/v2/agentic/connector_nix.go:699.2,706.16 6 0
github.com/coder/coder/v2/agentic/connector_nix.go:706.16,708.3 1 0
github.com/coder/coder/v2/agentic/connector_nix.go:710.2,710.29 1 0
github.com/coder/coder/v2/agentic/connector_nix.go:714.29,717.44 2 0
github.com/coder/coder/v2/agentic/connector_nix.go:717.44,719.17 2 0
github.com/coder/coder/v2/agentic/connector_nix.go:719.17,722.4 1 0
github.com/coder/coder/v2/agentic/connector_nix.go:726.2,727.16 2 0
github.com/coder/coder/v2/agentic/connector_nix.go:727.16,729.59 2 0
github.com/coder/coder/v2/agentic/connector_nix.go:729.59,732.4 1 0
github.com/coder/coder/v2/agentic/connector_nix.go:735.2,735.14 1 0
github.com/coder/coder/v2/agentic/connector_nix.go:739.71,743.25 2 0
github.com/coder/coder/v2/agentic/connector_nix.go:743.25,745.3 1 0
github.com/coder/coder/v2/agentic/connector_nix.go:748.2,748.29 1 0
github.com/coder/coder/v2/agentic/connector_nix.go:748.29,750.3 1 0
github.com/coder/coder/v2/agentic/connector_nix.go:752.2,752.15 1 0
github.com/coder/coder/v2/agentic/connector_opencode.go:27.60,29.2 1 0
github.com/coder/coder/v2/agentic/connector_opencode.go:31.40,31.61 1 0
github.com/coder/coder/v2/agentic/connector_opencode.go:33.57,35.2 1 0
github.com/coder/coder/v2/agentic/connector_opencode.go:37.88,39.20 2 0
github.com/coder/coder/v2/agentic/connector_opencode.go:39.20,41.3 1 0
github.com/coder/coder/v2/agentic/connector_opencode.go:42.2,43.16 2 0
github.com/coder/coder/v2/agentic/connector_opencode.go:43.16,46.3 2 0
github.com/coder/coder/v2/agentic/connector_opencode.go:47.2,48.16 2 0
github.com/coder/coder/v2/agentic/connector_opencode.go:48.16,51.3 2 0
github.com/coder/coder/v2/agentic/connector_opencode.go:52.2,56.16 5 0
github.com/coder/coder/v2/agentic/connector_opencode.go:56.16,59.3 2 0
github.com/coder/coder/v2/agentic/connector_opencode.go:60.2,62.28 3 0
github.com/coder/coder/v2/agentic/connector_opencode.go:62.28,65.3 2 0
github.com/coder/coder/v2/agentic/connector_opencode.go:66.2,67.51 2 0
github.com/coder/coder/v2/agentic/connector_opencode.go:67.51,69.3 1 0
github.com/coder/coder/v2/agentic/connector_opencode.go:70.2,70.38 1 0
github.com/coder/coder/v2/agentic/connector_proxmox.go:87.57,99.2 2 0
github.com/coder/coder/v2/agentic/connector_proxmox.go:101.39,101.59 1 0
github.com/coder/coder/v2/agentic/connector_proxmox.go:103.56,105.2 1 0
github.com/coder/coder/v2/agentic/connector_proxmox.go:107.87,110.64 2 0
github.com/coder/coder/v2/agentic/connector_proxmox.go:110.64,112.3 1 0
github.com/coder/coder/v2/agentic/connector_proxmox.go:115.2,115.44 1 0
github.com/coder/coder/v2/agentic/connector_proxmox.go:115.44,117.3 1 0
github.com/coder/coder/v2/agentic/connector_proxmox.go:120.2,120.28 1 0
github.com/coder/coder/v2/agentic/connector_proxmox.go:121.14,123.17 2 0
github.com/coder/coder/v2/agentic/connector_proxmox.go:123.17,125.4 1 0
github.com/coder/coder/v2/agentic/connector_proxmox.go:126.3,126.42 1 0
github.com/coder/coder/v2/agentic/connector_proxmox.go:128.16,130.17 2 0
github.com/coder/coder/v2/agentic/connector_proxmox.go:130.17,132.4 1 0
github.com/coder/coder/v2/agentic/connector_proxmox.go:133.3,133.42 1 0
github.com/coder/coder/v2/agentic/connector_proxmox.go:135.15,137.17 2 0
github.com/coder/coder/v2/agentic/connector_proxmox.go:137.17,139.4 1 0
github.com/coder/coder/v2/agentic/connector_proxmox.go:140.3,140.42 1 0
github.com/coder/coder/v2/agentic/connector_proxmox.go:142.14,144.17 2 0
github.com/coder/coder/v2/agentic/connector_proxmox.go:144.17,146.4 1 0
github.com/coder/coder/v2/agentic/connector_proxmox.go:147.3,147.42 1 0
github.com/coder/coder/v2/agentic/connector_proxmox.go:149.16,151.17 2 0
github.com/coder/coder/v2/agentic/connector_proxmox.go:151.17,153.4 1 0
github.com/coder/coder/v2/agentic/connector_proxmox.go:154.3,154.42 1 0
github.com/coder/coder/v2/agentic/connector_proxmox.go:156.16,158.17 2 0
github.com/coder/coder/v2/agentic/connector_proxmox.go:158.17,160.4 1 0
github.com/coder/coder/v2/agentic/connector_proxmox.go:161.3,161.42 1 0
github.com/coder/coder/v2/agentic/connector_proxmox.go:163.10,164.95 1 0
github.com/coder/coder/v2/agentic/connector_proxmox.go:169.65,171.54 1 0
github.com/coder/coder/v2/agentic/connector_proxmox.go:171.54,173.3 1 0
github.com/coder/coder/v2/agentic/connector_proxmox.go:176.2,176.23 1 0
github.com/coder/coder/v2/agentic/connector_proxmox.go:176.23,179.3 1 0
github.com/coder/coder/v2/agentic/connector_proxmox.go:182.2,189.16 6 0
github.com/coder/coder/v2/agentic/connector_proxmox.go:189.16,191.3 1 0
github.com/coder/coder/v2/agentic/connector_proxmox.go:193.2,196.16 3 0
github.com/coder/coder/v2/agentic/connector_proxmox.go:196.16,198.3 1 0
github.com/coder/coder/v2/agentic/connector_proxmox.go:199.2,201.38 2 0
github.com/coder/coder/v2/agentic/connector_proxmox.go:201.38,203.3 1 0
github.com/coder/coder/v2/agentic/connector_proxmox.go:205.2,212.69 2 0
github.com/coder/coder/v2/agentic/connector_proxmox.go:212.69,214.3 1 0
github.com/coder/coder/v2/agentic/connector_proxmox.go:216.2,220.12 4 0
github.com/coder/coder/v2/agentic/connector_proxmox.go:224.124,228.20 3 0
github.com/coder/coder/v2/agentic/connector_proxmox.go:228.20,230.17 2 0
github.com/coder/coder/v2/agentic/connector_proxmox.go:230.17,232.4 1 0
github.com/coder/coder/v2/agentic/connector_proxmox.go:233.3,233.34 1 0
github.com/coder/coder/v2/agentic/connector_proxmox.go:236.2,237.16 2 0
github.com/coder/coder/v2/agentic/connector_proxmox.go:237.16,239.3 1 0
github.com/coder/coder/v2/agentic/connector_proxmox.go:242.2,242.23 1 0
github.com/coder/coder/v2/agentic/connector_proxmox.go:242.23,245.3 1 0
github.com/coder/coder/v2/agentic/connector_proxmox.go:245.8,248.22 2 0
github.com/coder/coder/v2/agentic/connector_proxmox.go:248.22,250.4 1 0
github.com/coder/coder/v2/agentic/connector_proxmox.go:253.2,253.20 1 0
github.com/coder/coder/v2/agentic/connector_proxmox.go:253.20,255.3 1 0
github.com/coder/coder/v2/agentic/connector_proxmox.go:257.2,257.29 1 0
github.com/coder/coder/v2/agentic/connector_proxmox.go:261.88,262.16 1 0
github.com/coder/coder/v2/agentic/connector_proxmox.go:262.16,264.3 1 0
github.com/coder/coder/v2/agentic/connector_proxmox.go:266.2,268.16 3 0
github.com/coder/coder/v2/agentic/connector_proxmox.go:268.16,270.3 1 0
github.com/coder/coder/v2/agentic/connector_proxmox.go:271.2,273.38 2 0
github.com/coder/coder/v2/agentic/connector_proxmox.go:273.38,276.3 2 0
github.com/coder/coder/v2/agentic/connector_proxmox.go:278.2,290.68 2 0
github.com/coder/coder/v2/agentic/connector_proxmox.go:290.68,292.3 1 0
github.com/coder/coder/v2/agentic/connector_proxmox.go:294.2,295.34 2 0
github.com/coder/coder/v2/agentic/connector_proxmox.go:295.34,307.3 1 0
github.com/coder/coder/v2/agentic/connector_proxmox.go:310.2,312.16 3 0
github.com/coder/coder/v2/agentic/connector_proxmox.go:312.16,314.3 1 0
github.com/coder/coder/v2/agentic/connector_proxmox.go:315.2,317.38 2 0
github.com/coder/coder/v2/agentic/connector_proxmox.go:317.38,330.75 2 0
github.com/coder/coder/v2/agentic/connector_proxmox.go:330.75,331.49 1 0
github.com/coder/coder/v2/agentic/connector_proxmox.go:331.49,343.5 1 0
github.com/coder/coder/v2/agentic/connector_proxmox.go:347.2,347.17 1 0
github.com/coder/coder/v2/agentic/connector_proxmox.go:351.106,352.21 1 0
github.com/coder/coder/v2/agentic/connector_proxmox.go:352.21,354.3 1 0
github.com/coder/coder/v2/agentic/connector_proxmox.go:356.2,357.18 2 0
github.com/coder/coder/v2/agentic/connector_proxmox.go:357.18,359.3 1 0
github.com/coder/coder/v2/agentic/connector_proxmox.go:362.2,363.24 2 0
github.com/coder/coder/v2/agentic/connector_proxmox.go:363.24,365.3 1 0
github.com/coder/coder/v2/agentic/connector_proxmox.go:368.2,368.19 1 0
github.com/coder/coder/v2/agentic/connector_proxmox.go:368.19,370.3 1 0
github.com/coder/coder/v2/agentic/connector_proxmox.go:372.2,374.16 3 0
github.com/coder/coder/v2/agentic/connector_proxmox.go:374.16,376.3 1 0
github.com/coder/coder/v2/agentic/connector_proxmox.go:377.2,380.38 3 0
github.com/coder/coder/v2/agentic/connector_proxmox.go:380.38,382.3 1 0
github.com/coder/coder/v2/agentic/connector_proxmox.go:384.2,385.54 2 0
github.com/coder/coder/v2/agentic/connector_proxmox.go:385.54,387.3 1 0
github.com/coder/coder/v2/agentic/connector_proxmox.go:389.2,389.20 1 0
github.com/coder/coder/v2/agentic/connector_proxmox.go:393.124,394.16 1 0
github.com/coder/coder/v2/agentic/connector_proxmox.go:394.16,396.3 1 0
github.com/coder/coder/v2/agentic/connector_proxmox.go:397.2,397.18 1 0
github.com/coder/coder/v2/agentic/connector_proxmox.go:397.18,399.3 1 0
github.com/coder/coder/v2/agentic/connector_proxmox.go:401.2,403.16 3 0
github.com/coder/coder/v2/agentic/connector_proxmox.go:403.16,405.3 1 0
github.com/coder/coder/v2/agentic/connector_proxmox.go:406.2,409.38 3 0
github.com/coder/coder/v2/agentic/connector_proxmox.go:409.38,411.3 1 0
github.com/coder/coder/v2/agentic/connector_proxmox.go:413.2,414.54 2 0
github.com/coder/coder/v2/agentic/connector_proxmox.go:414.54,416.3 1 0
github.com/coder/coder/v2/agentic/connector_proxmox.go:418.2,418.20 1 0
github.com/coder/coder/v2/agentic/connector_proxmox.go:422.123,423.16 1 0
github.com/coder/coder/v2/agentic/connector_proxmox.go:423.16,425.3 1 0
github.com/coder/coder/v2/agentic/connector_proxmox.go:426.2,426.18 1 0
github.com/coder/coder/v2/agentic/connector_proxmox.go:426.18,428.3 1 0
github.com/coder/coder/v2/agentic/connector_proxmox.go:430.2,432.16 3 0
github.com/coder/coder/v2/agentic/connector_proxmox.go:432.16,434.3 1 0
github.com/coder/coder/v2/agentic/connector_proxmox.go:435.2,438.38 3 0
github.com/coder/coder/v2/agentic/connector_proxmox.go:438.38,440.3 1 0
github.com/coder/coder/v2/agentic/connector_proxmox.go:442.2,443.54 2 0
github.com/coder/coder/v2/agentic/connector_proxmox.go:443.54,445.3 1 0
github.com/coder/coder/v2/agentic/connector_proxmox.go:447.2,447.20 1 0
github.com/coder/coder/v2/agentic/connector_proxmox.go:451.125,452.16 1 0
github.com/coder/coder/v2/agentic/connector_proxmox.go:452.16,454.3 1 0
github.com/coder/coder/v2/agentic/connector_proxmox.go:455.2,455.18 1 0
github.com/coder/coder/v2/agentic/connector_proxmox.go:455.18,457.3 1 0
github.com/coder/coder/v2/agentic/connector_proxmox.go:459.2,461.16 3 0
github.com/coder/coder/v2/agentic/connector_proxmox.go:461.16,463.3 1 0
github.com/coder/coder/v2/agentic/connector_proxmox.go:464.2,467.38 3 0
github.com/coder/coder/v2/agentic/connector_proxmox.go:467.38,469.3 1 0
github.com/coder/coder/v2/agentic/connector_proxmox.go:471.2,472.54 2 0
github.com/coder/coder/v2/agentic/connector_proxmox.go:472.54,474.3 1 0
github.com/coder/coder/v2/agentic/connector_proxmox.go:476.2,476.20 1 0
github.com/coder/coder/v2/agentic/connector_proxmox.go:480.128,481.16 1 0
github.com/coder/coder/v2/agentic/connector_proxmox.go:481.16,483.3 1 0
github.com/coder/coder/v2/agentic/connector_proxmox.go:484.2,484.18 1 0
github.com/coder/coder/v2/agentic/connector_proxmox.go:484.18,486.3 1 0
github.com/coder/coder/v2/agentic/connector_proxmox.go:488.2,490.16 3 0
github.com/coder/coder/v2/agentic/connector_proxmox.go:490.16,492.3 1 0
github.com/coder/coder/v2/agentic/connector_proxmox.go:493.2,496.38 3 0
github.com/coder/coder/v2/agentic/connector_proxmox.go:496.38,498.3 1 0
github.com/coder/coder/v2/agentic/connector_proxmox.go:500.2,501.54 2 0
github.com/coder/coder/v2/agentic/connector_proxmox.go:501.54,503.3 1 0
github.com/coder/coder/v2/agentic/connector_proxmox.go:505.2,505.20 1 0
github.com/coder/coder/v2/agentic/connector_proxmox.go:509.65,511.16 2 0
github.com/coder/coder/v2/agentic/connector_proxmox.go:511.16,513.3 1 0
github.com/coder/coder/v2/agentic/connector_proxmox.go:514.2,514.32 1 0
github.com/coder/coder/v2/agentic/example.go:26.49,40.23 7 0
github.com/coder/coder/v2/agentic/example.go:40.23,42.3 1 0
github.com/coder/coder/v2/agentic/example.go:44.2,45.27 2 0
github.com/coder/coder/v2/agentic/example.go:45.27,47.3 1 0
[...]
github.com/coder/coder/v2/agentic/example_nix.go:77.16,79.3 1 0
github.com/coder/coder/v2/agentic/example_nix.go:79.8,81.3 1 0
github.com/coder/coder/v2/agentic/example_nix.go:84.2,95.16 4 0
github.com/coder/coder/v2/agentic/example_nix.go:95.16,97.3 1 0
github.com/coder/coder/v2/agentic/example_nix.go:97.8,99.3 1 0
github.com/coder/coder/v2/agentic/example_nix.go:102.2,115.16 4 0
github.com/coder/coder/v2/agentic/example_nix.go:115.16,117.3 1 0
github.com/coder/coder/v2/agentic/example_nix.go:117.8,119.3 1 0
github.com/coder/coder/v2/agentic/example_nix.go:122.2,134.16 4 0
github.com/coder/coder/v2/agentic/example_nix.go:134.16,136.3 1 0
github.com/coder/coder/v2/agentic/example_nix.go:136.8,138.3 1 0
github.com/coder/coder/v2/agentic/example_nix.go:141.2,150.16 4 0
github.com/coder/coder/v2/agentic/example_nix.go:150.16,152.3 1 0
github.com/coder/coder/v2/agentic/example_nix.go:152.8,154.3 1 0
github.com/coder/coder/v2/agentic/example_nix.go:156.2,156.12 1 0
github.com/coder/coder/v2/agentic/example_nix.go:160.73,181.29 3 0
github.com/coder/coder/v2/agentic/example_nix.go:181.29,197.3 1 0
github.com/coder/coder/v2/agentic/example_nix.go:200.2,204.30 1 0
github.com/coder/coder/v2/agentic/example_nix.go:204.30,205.31 1 0
github.com/coder/coder/v2/agentic/example_nix.go:205.31,207.5 1 0
github.com/coder/coder/v2/agentic/example_nix.go:208.4,208.35 1 0
github.com/coder/coder/v2/agentic/example_nix.go:217.2,242.17 3 0
github.com/coder/coder/v2/agentic/example_nix.go:246.86,266.16 7 0
github.com/coder/coder/v2/agentic/example_nix.go:266.16,268.3 1 0
github.com/coder/coder/v2/agentic/example_nix.go:270.2,271.36 2 0
github.com/coder/coder/v2/agentic/example_nix.go:271.36,273.23 2 0
github.com/coder/coder/v2/agentic/example_nix.go:273.23,275.4 1 0
github.com/coder/coder/v2/agentic/example_nix.go:278.2,278.12 1 0
github.com/coder/coder/v2/agentic/gpu_tools.go:17.62,21.2 1 0
github.com/coder/coder/v2/agentic/gpu_tools.go:24.100,33.16 3 0
github.com/coder/coder/v2/agentic/gpu_tools.go:33.16,38.3 1 0
github.com/coder/coder/v2/agentic/gpu_tools.go:40.2,41.9 2 0
github.com/coder/coder/v2/agentic/gpu_tools.go:41.9,46.3 1 0
github.com/coder/coder/v2/agentic/gpu_tools.go:48.2,58.26 4 0
github.com/coder/coder/v2/agentic/gpu_tools.go:62.124,65.16 2 0
github.com/coder/coder/v2/agentic/gpu_tools.go:65.16,67.3 1 0
github.com/coder/coder/v2/agentic/gpu_tools.go:69.2,69.29 1 0
github.com/coder/coder/v2/agentic/gpu_tools.go:69.29,74.3 1 0
github.com/coder/coder/v2/agentic/gpu_tools.go:77.2,78.26 2 0
github.com/coder/coder/v2/agentic/gpu_tools.go:78.26,83.3 1 0
github.com/coder/coder/v2/agentic/gpu_tools.go:86.2,93.8 2 0
github.com/coder/coder/v2/agentic/gpu_tools.go:97.124,100.16 2 0
github.com/coder/coder/v2/agentic/gpu_tools.go:100.16,102.3 1 0
github.com/coder/coder/v2/agentic/gpu_tools.go:104.2,104.27 1 0
github.com/coder/coder/v2/agentic/gpu_tools.go:104.27,109.3 1 0
github.com/coder/coder/v2/agentic/gpu_tools.go:112.2,120.16 3 0
github.com/coder/coder/v2/agentic/gpu_tools.go:120.16,125.3 1 0
github.com/coder/coder/v2/agentic/gpu_tools.go:127.2,131.114 3 0
github.com/coder/coder/v2/agentic/gpu_tools.go:131.114,136.3 1 0
github.com/coder/coder/v2/agentic/gpu_tools.go:138.2,145.8 1 0
github.com/coder/coder/v2/agentic/gpu_tools.go:149.124,159.16 3 0
github.com/coder/coder/v2/agentic/gpu_tools.go:159.16,161.3 1 0
github.com/coder/coder/v2/agentic/gpu_tools.go:163.2,164.9 2 0
github.com/coder/coder/v2/agentic/gpu_tools.go:164.9,166.3 1 0
github.com/coder/coder/v2/agentic/gpu_tools.go:168.2,172.8 1 0
github.com/coder/coder/v2/agentic/gpu_tools.go:238.70,241.27 2 0
github.com/coder/coder/v2/agentic/gpu_tools.go:241.27,242.28 1 0
github.com/coder/coder/v2/agentic/gpu_tools.go:242.28,244.4 1 0
github.com/coder/coder/v2/agentic/gpu_tools.go:247.3,248.59 2 0
github.com/coder/coder/v2/agentic/gpu_tools.go:248.59,250.4 1 0
github.com/coder/coder/v2/agentic/gpu_tools.go:251.3,251.91 1 0
github.com/coder/coder/v2/agentic/gpu_tools.go:251.91,253.4 1 0
github.com/coder/coder/v2/agentic/gpu_tools.go:254.3,254.34 1 0
github.com/coder/coder/v2/agentic/gpu_tools.go:254.34,256.4 1 0
github.com/coder/coder/v2/agentic/gpu_tools.go:259.2,259.36 1 0
github.com/coder/coder/v2/agentic/gpu_tools.go:263.98,266.27 2 0
github.com/coder/coder/v2/agentic/gpu_tools.go:266.27,268.26 1 0
github.com/coder/coder/v2/agentic/gpu_tools.go:268.26,270.34 2 0
github.com/coder/coder/v2/agentic/gpu_tools.go:270.34,271.13 1 0
github.com/coder/coder/v2/agentic/gpu_tools.go:276.3,276.63 1 0
github.com/coder/coder/v2/agentic/gpu_tools.go:276.63,277.12 1 0
github.com/coder/coder/v2/agentic/gpu_tools.go:281.3,281.32 1 0
github.com/coder/coder/v2/agentic/gpu_tools.go:281.32,282.12 1 0
github.com/coder/coder/v2/agentic/gpu_tools.go:286.3,286.35 1 0
github.com/coder/coder/v2/agentic/gpu_tools.go:286.35,288.46 2 0
github.com/coder/coder/v2/agentic/gpu_tools.go:288.46,289.34 1 0
github.com/coder/coder/v2/agentic/gpu_tools.go:289.34,291.11 2 0
github.com/coder/coder/v2/agentic/gpu_tools.go:294.4,294.14 1 0
github.com/coder/coder/v2/agentic/gpu_tools.go:294.14,295.13 1 0
github.com/coder/coder/v2/agentic/gpu_tools.go:299.3,299.39 1 0
github.com/coder/coder/v2/agentic/gpu_tools.go:302.2,302.19 1 0
github.com/coder/coder/v2/agentic/gpu_tools.go:306.94,307.26 1 0
github.com/coder/coder/v2/agentic/gpu_tools.go:307.26,309.3 1 0
github.com/coder/coder/v2/agentic/gpu_tools.go:313.2,314.23 2 0
github.com/coder/coder/v2/agentic/gpu_tools.go:314.23,316.3 1 0
github.com/coder/coder/v2/agentic/gpu_tools.go:318.2,318.36 1 0
github.com/coder/coder/v2/agentic/gpu_tools.go:318.36,320.3 1 0
github.com/coder/coder/v2/agentic/gpu_tools.go:322.2,322.34 1 0
github.com/coder/coder/v2/agentic/gpu_tools.go:326.69,328.27 2 0
github.com/coder/coder/v2/agentic/gpu_tools.go:328.27,330.3 1 0
github.com/coder/coder/v2/agentic/gpu_tools.go:331.2,331.14 1 0
github.com/coder/coder/v2/agentic/gpu_tools.go:335.97,336.20 1 0
github.com/coder/coder/v2/agentic/gpu_tools.go:336.20,338.3 1 0
github.com/coder/coder/v2/agentic/gpu_tools.go:340.2,342.44 2 0
github.com/coder/coder/v2/agentic/gpu_tools.go:346.83,349.2 1 0
github.com/coder/coder/v2/agentic/gpu_tools.go:352.125,359.35 2 0
github.com/coder/coder/v2/agentic/gpu_tools.go:359.35,361.3 1 0
github.com/coder/coder/v2/agentic/gpu_tools.go:361.8,361.45 1 0
github.com/coder/coder/v2/agentic/gpu_tools.go:361.45,363.3 1 0
github.com/coder/coder/v2/agentic/gpu_tools.go:365.2,365.12 1 0
github.com/coder/coder/v2/agentic/gpu_tools.go:369.114,384.32 3 0
github.com/coder/coder/v2/agentic/gpu_tools.go:384.32,388.3 1 0
github.com/coder/coder/v2/agentic/gpu_tools.go:390.2,390.21 1 0
github.com/coder/coder/v2/agentic/gpu_tools.go:394.97,424.2 3 0
github.com/coder/coder/v2/agentic/gpu_tools.go:427.91,431.87 2 0
github.com/coder/coder/v2/agentic/gpu_tools.go:431.87,435.34 2 0
github.com/coder/coder/v2/agentic/gpu_tools.go:435.34,436.50 1 0
github.com/coder/coder/v2/agentic/gpu_tools.go:436.50,437.30 1 0
github.com/coder/coder/v2/agentic/gpu_tools.go:437.30,438.33 1 0
github.com/coder/coder/v2/agentic/gpu_tools.go:438.33,440.7 1 0
github.com/coder/coder/v2/agentic/gpu_tools.go:441.6,441.30 1 0
github.com/coder/coder/v2/agentic/gpu_tools.go:441.30,443.7 1 0
github.com/coder/coder/v2/agentic/gpu_tools.go:449.2,449.17 1 0
github.com/coder/coder/v2/agentic/gpu_tools.go:455.58,457.27 2 0
github.com/coder/coder/v2/agentic/gpu_tools.go:457.27,459.3 1 0
github.com/coder/coder/v2/agentic/gpu_tools.go:460.2,460.12 1 0
github.com/coder/coder/v2/agentic/gpu_tools.go:464.65,465.20 1 0
github.com/coder/coder/v2/agentic/gpu_tools.go:465.20,467.3 1 0
github.com/coder/coder/v2/agentic/gpu_tools.go:469.2,470.27 2 0
github.com/coder/coder/v2/agentic/gpu_tools.go:470.27,472.3 1 0
github.com/coder/coder/v2/agentic/gpu_tools.go:474.2,474.31 1 0
github.com/coder/coder/v2/agentic/gpu_tools.go:478.38,482.2 1 0
github.com/coder/coder/v2/agentic/gpu_tools.go:485.45,489.28 3 0
github.com/coder/coder/v2/agentic/gpu_tools.go:489.28,490.17 1 0
github.com/coder/coder/v2/agentic/gpu_tools.go:490.17,493.4 2 0
github.com/coder/coder/v2/agentic/gpu_tools.go:496.2,496.15 1 0
github.com/coder/coder/v2/agentic/orchestrator.go:19.91,23.37 2 0
github.com/coder/coder/v2/agentic/orchestrator.go:23.37,26.3 2 0
github.com/coder/coder/v2/agentic/orchestrator.go:28.2,28.40 1 0
github.com/coder/coder/v2/agentic/orchestrator.go:28.40,31.3 2 0
github.com/coder/coder/v2/agentic/orchestrator.go:34.2,34.68 1 0
github.com/coder/coder/v2/agentic/orchestrator.go:34.68,37.3 2 0
github.com/coder/coder/v2/agentic/orchestrator.go:40.2,40.37 1 0
github.com/coder/coder/v2/agentic/orchestrator.go:40.37,43.3 2 0
github.com/coder/coder/v2/agentic/orchestrator.go:48.2,48.45 1 0
github.com/coder/coder/v2/agentic/orchestrator.go:48.45,51.3 2 0
github.com/coder/coder/v2/agentic/orchestrator.go:54.2,73.8 9 0
github.com/coder/coder/v2/agentic/orchestrator.go:77.90,79.16 2 0
github.com/coder/coder/v2/agentic/orchestrator.go:79.16,81.3 1 0
github.com/coder/coder/v2/agentic/orchestrator.go:83.2,83.33 1 0
github.com/coder/coder/v2/agentic/orchestrator.go:87.57,91.42 2 0
github.com/coder/coder/v2/agentic/orchestrator.go:91.42,99.3 2 0
github.com/coder/coder/v2/agentic/orchestrator.go:101.2,101.19 1 0
github.com/coder/coder/v2/agentic/orchestrator.go:113.43,114.22 1 0
github.com/coder/coder/v2/agentic/orchestrator.go:115.40,116.15 1 0
github.com/coder/coder/v2/agentic/orchestrator.go:117.55,118.26 1 0
github.com/coder/coder/v2/agentic/orchestrator.go:119.10,120.19 1 0
github.com/coder/coder/v2/agentic/orchestrator.go:125.46,138.37 3 0
github.com/coder/coder/v2/agentic/orchestrator.go:138.37,139.31 1 0
github.com/coder/coder/v2/agentic/orchestrator.go:139.31,141.4 1 0
github.com/coder/coder/v2/agentic/orchestrator.go:144.2,144.14 1 0
github.com/coder/coder/v2/agentic/orchestrator.go:148.134,154.38 2 0
github.com/coder/coder/v2/agentic/orchestrator.go:154.38,168.17 4 0
github.com/coder/coder/v2/agentic/orchestrator.go:168.17,174.4 5 0
github.com/coder/coder/v2/agentic/orchestrator.go:176.3,181.55 4 0
github.com/coder/coder/v2/agentic/orchestrator.go:181.55,184.4 2 0
github.com/coder/coder/v2/agentic/orchestrator.go:187.2,188.20 2 0
github.com/coder/coder/v2/agentic/orchestrator.go:227.74,236.25 2 0
github.com/coder/coder/v2/agentic/orchestrator.go:236.25,253.3 1 0
github.com/coder/coder/v2/agentic/orchestrator.go:256.2,256.25 1 0
github.com/coder/coder/v2/agentic/orchestrator.go:256.25,269.3 1 0
github.com/coder/coder/v2/agentic/orchestrator.go:272.2,272.34 1 0
github.com/coder/coder/v2/agentic/orchestrator.go:272.34,273.49 1 0
github.com/coder/coder/v2/agentic/orchestrator.go:273.49,276.27 3 0
github.com/coder/coder/v2/agentic/orchestrator.go:276.27,278.5 1 0
github.com/coder/coder/v2/agentic/orchestrator.go:280.4,294.6 1 0
github.com/coder/coder/v2/agentic/orchestrator.go:299.2,299.43 1 0
github.com/coder/coder/v2/agentic/orchestrator.go:299.43,300.57 1 0
github.com/coder/coder/v2/agentic/orchestrator.go:300.57,313.4 2 0
github.com/coder/coder/v2/agentic/orchestrator.go:316.2,316.17 1 0
github.com/coder/coder/v2/agentic/secrets.go:31.42,33.2 1 0
github.com/coder/coder/v2/agentic/secrets.go:35.55,37.2 1 0
github.com/coder/coder/v2/agentic/secrets.go:39.58,41.17 2 0
github.com/coder/coder/v2/agentic/secrets.go:41.17,43.3 1 0
github.com/coder/coder/v2/agentic/secrets.go:44.2,44.19 1 0
github.com/coder/coder/v2/agentic/secrets.go:47.51,49.2 1 0
github.com/coder/coder/v2/agentic/secrets.go:51.51,54.27 3 0
github.com/coder/coder/v2/agentic/secrets.go:54.27,57.3 2 0
github.com/coder/coder/v2/agentic/secrets.go:58.2,58.18 1 0
github.com/coder/coder/v2/agentic/secrets.go:74.69,79.2 1 0
github.com/coder/coder/v2/agentic/secrets.go:81.57,83.2 1 0
github.com/coder/coder/v2/agentic/secrets.go:85.68,86.55 1 0
github.com/coder/coder/v2/agentic/secrets.go:86.55,88.3 1 0
github.com/coder/coder/v2/agentic/secrets.go:90.2,91.16 2 0
github.com/coder/coder/v2/agentic/secrets.go:91.16,93.3 1 0
github.com/coder/coder/v2/agentic/secrets.go:95.2,96.55 2 0
github.com/coder/coder/v2/agentic/secrets.go:96.55,98.3 1 0
github.com/coder/coder/v2/agentic/secrets.go:101.2,102.16 2 0
github.com/coder/coder/v2/agentic/secrets.go:102.16,104.3 1 0
github.com/coder/coder/v2/agentic/secrets.go:106.2,107.16 2 0
github.com/coder/coder/v2/agentic/secrets.go:107.16,109.3 1 0
github.com/coder/coder/v2/agentic/secrets.go:111.2,112.16 2 0
github.com/coder/coder/v2/agentic/secrets.go:112.16,114.3 1 0
github.com/coder/coder/v2/agentic/secrets.go:116.2,118.16 3 0
github.com/coder/coder/v2/agentic/secrets.go:118.16,120.3 1 0
github.com/coder/coder/v2/agentic/secrets.go:122.2,123.16 2 0
github.com/coder/coder/v2/agentic/secrets.go:123.16,125.3 1 0
github.com/coder/coder/v2/agentic/secrets.go:127.2,128.16 2 0
github.com/coder/coder/v2/agentic/secrets.go:128.16,130.3 1 0
github.com/coder/coder/v2/agentic/secrets.go:132.2,133.68 2 0
github.com/coder/coder/v2/agentic/secrets.go:133.68,135.3 1 0
github.com/coder/coder/v2/agentic/secrets.go:137.2,137.22 1 0
github.com/coder/coder/v2/agentic/secrets.go:140.72,142.68 1 0
github.com/coder/coder/v2/agentic/secrets.go:142.68,144.3 1 0
github.com/coder/coder/v2/agentic/secrets.go:147.2,148.16 2 0
github.com/coder/coder/v2/agentic/secrets.go:148.16,150.3 1 0
github.com/coder/coder/v2/agentic/secrets.go:152.2,153.58 2 0
github.com/coder/coder/v2/agentic/secrets.go:153.58,155.3 1 0
github.com/coder/coder/v2/agentic/secrets.go:157.2,159.16 3 0
github.com/coder/coder/v2/agentic/secrets.go:159.16,161.3 1 0
github.com/coder/coder/v2/agentic/secrets.go:163.2,164.16 2 0
github.com/coder/coder/v2/agentic/secrets.go:164.16,166.3 1 0
github.com/coder/coder/v2/agentic/secrets.go:168.2,169.59 2 0
github.com/coder/coder/v2/agentic/secrets.go:169.59,171.3 1 0
github.com/coder/coder/v2/agentic/secrets.go:173.2,180.16 6 0
github.com/coder/coder/v2/agentic/secrets.go:180.16,182.3 1 0
github.com/coder/coder/v2/agentic/secrets.go:184.2,184.45 1 0
github.com/coder/coder/v2/agentic/secrets.go:187.56,189.16 2 0
github.com/coder/coder/v2/agentic/secrets.go:189.16,191.3 1 0
github.com/coder/coder/v2/agentic/secrets.go:193.2,194.31 2 0
github.com/coder/coder/v2/agentic/secrets.go:197.59,199.16 2 0
github.com/coder/coder/v2/agentic/secrets.go:199.16,201.3 1 0
github.com/coder/coder/v2/agentic/secrets.go:203.2,204.13 2 0
github.com/coder/coder/v2/agentic/secrets.go:204.13,206.3 1 0
github.com/coder/coder/v2/agentic/secrets.go:208.2,208.19 1 0
github.com/coder/coder/v2/agentic/secrets.go:211.52,213.16 2 0
github.com/coder/coder/v2/agentic/secrets.go:213.16,215.3 1 0
github.com/coder/coder/v2/agentic/secrets.go:217.2,218.31 2 0
github.com/coder/coder/v2/agentic/secrets.go:221.52,223.16 2 0
github.com/coder/coder/v2/agentic/secrets.go:223.16,225.3 1 0
github.com/coder/coder/v2/agentic/secrets.go:227.2,228.35 2 0
github.com/coder/coder/v2/agentic/secrets.go:228.35,230.3 1 0
github.com/coder/coder/v2/agentic/secrets.go:232.2,232.18 1 0
github.com/coder/coder/v2/agentic/secrets.go:241.40,245.2 1 0
github.com/coder/coder/v2/agentic/secrets.go:247.73,249.2 1 0
github.com/coder/coder/v2/agentic/secrets.go:251.67,253.2 1 0
github.com/coder/coder/v2/agentic/secrets.go:255.58,257.50 1 0
github.com/coder/coder/v2/agentic/secrets.go:257.50,258.50 1 0
github.com/coder/coder/v2/agentic/secrets.go:258.50,260.4 1 0
github.com/coder/coder/v2/agentic/secrets.go:264.2,264.37 1 0
github.com/coder/coder/v2/agentic/secrets.go:264.37,265.20 1 0
github.com/coder/coder/v2/agentic/secrets.go:265.20,266.12 1 0
github.com/coder/coder/v2/agentic/secrets.go:268.3,268.47 1 0
github.com/coder/coder/v2/agentic/secrets.go:268.47,270.4 1 0
github.com/coder/coder/v2/agentic/secrets.go:273.2,273.70 1 0
github.com/coder/coder/v2/agentic/secrets.go:276.66,278.13 2 0
github.com/coder/coder/v2/agentic/secrets.go:278.13,280.3 1 0
github.com/coder/coder/v2/agentic/secrets.go:283.2,283.22 1 0
github.com/coder/coder/v2/agentic/secrets.go:283.22,285.3 1 0
github.com/coder/coder/v2/agentic/secrets.go:287.2,287.30 1 0
github.com/coder/coder/v2/agentic/secrets.go:290.62,292.13 2 0
github.com/coder/coder/v2/agentic/secrets.go:292.13,294.3 1 0
github.com/coder/coder/v2/agentic/secrets.go:296.2,296.22 1 0
github.com/coder/coder/v2/agentic/secrets.go:296.22,298.3 1 0
github.com/coder/coder/v2/agentic/secrets.go:300.2,300.26 1 0
github.com/coder/coder/v2/agentic/secrets.go:304.84,307.17 2 0
github.com/coder/coder/v2/agentic/secrets.go:308.16,309.62 1 0
github.com/coder/coder/v2/agentic/secrets.go:309.62,311.4 1 0
github.com/coder/coder/v2/agentic/secrets.go:312.3,312.70 1 0
github.com/coder/coder/v2/agentic/secrets.go:312.70,314.4 1 0
github.com/coder/coder/v2/agentic/secrets.go:315.3,315.55 1 0
github.com/coder/coder/v2/agentic/secrets.go:315.55,317.4 1 0
github.com/coder/coder/v2/agentic/secrets.go:319.17,320.52 1 0
github.com/coder/coder/v2/agentic/secrets.go:320.52,322.4 1 0
github.com/coder/coder/v2/agentic/secrets.go:323.3,323.62 1 0
github.com/coder/coder/v2/agentic/secrets.go:323.62,325.4 1 0
github.com/coder/coder/v2/agentic/secrets.go:326.3,326.62 1 0
github.com/coder/coder/v2/agentic/secrets.go:326.62,328.4 1 0
github.com/coder/coder/v2/agentic/secrets.go:329.3,329.56 1 0
github.com/coder/coder/v2/agentic/secrets.go:329.56,331.4 1 0
github.com/coder/coder/v2/agentic/secrets.go:333.20,334.62 1 0
github.com/coder/coder/v2/agentic/secrets.go:334.62,336.4 1 0
github.com/coder/coder/v2/agentic/secrets.go:337.3,337.59 1 0
github.com/coder/coder/v2/agentic/secrets.go:337.59,339.4 1 0
github.com/coder/coder/v2/agentic/secrets.go:340.3,340.59 1 0
github.com/coder/coder/v2/agentic/secrets.go:340.59,342.4 1 0
github.com/coder/coder/v2/agentic/secrets.go:344.13,345.53 1 0
github.com/coder/coder/v2/agentic/secrets.go:345.53,347.4 1 0
github.com/coder/coder/v2/agentic/secrets.go:348.3,348.63 1 0
github.com/coder/coder/v2/agentic/secrets.go:348.63,350.4 1 0
github.com/coder/coder/v2/agentic/secrets.go:351.3,351.64 1 0
github.com/coder/coder/v2/agentic/secrets.go:351.64,353.4 1 0
github.com/coder/coder/v2/agentic/secrets.go:354.3,354.65 1 0
github.com/coder/coder/v2/agentic/secrets.go:354.65,356.4 1 0
github.com/coder/coder/v2/agentic/secrets.go:357.3,357.65 1 0
github.com/coder/coder/v2/agentic/secrets.go:357.65,359.4 1 0
github.com/coder/coder/v2/agentic/secrets.go:361.10,362.61 1 0
github.com/coder/coder/v2/agentic/secrets.go:365.2,365.21 1 0
github.com/coder/coder/v2/agentic/secrets.go:365.21,367.3 1 0
github.com/coder/coder/v2/agentic/secrets.go:369.2,369.19 1 0
github.com/coder/coder/v2/agentic/task.go:33.65,41.2 2 0
github.com/coder/coder/v2/agentic/task.go:44.42,46.2 1 0
github.com/coder/coder/v2/agentic/task.go:49.38,50.31 1 0
github.com/coder/coder/v2/agentic/task.go:50.31,53.3 2 0
github.com/coder/coder/v2/agentic/task.go:57.28,61.2 3 0
github.com/coder/coder/v2/agentic/task.go:63.30,65.6 2 0
github.com/coder/coder/v2/agentic/task.go:65.6,66.10 1 0
github.com/coder/coder/v2/agentic/task.go:67.23,68.10 1 0
github.com/coder/coder/v2/agentic/task.go:69.30,70.11 1 0
github.com/coder/coder/v2/agentic/task.go:70.11,72.5 1 0
github.com/coder/coder/v2/agentic/task.go:73.4,73.22 1 0
github.com/coder/coder/v2/agentic/task.go:78.44,80.16 2 0
github.com/coder/coder/v2/agentic/task.go:80.16,84.3 3 0
github.com/coder/coder/v2/agentic/task.go:85.2,89.16 5 0
github.com/coder/coder/v2/agentic/task.go:89.16,91.3 1 0
github.com/coder/coder/v2/agentic/cmd/example/main.go:14.13,16.16 2 0
github.com/coder/coder/v2/agentic/cmd/example/main.go:16.16,18.3 1 0
github.com/coder/coder/v2/agentic/cmd/example/main.go:19.2,20.16 2 0
github.com/coder/coder/v2/agentic/cmd/example/main.go:20.16,22.3 1 0
github.com/coder/coder/v2/agentic/cmd/example/main.go:23.2,29.12 5 0
github.com/coder/coder/v2/agentic/cmd/example/main.go:29.12,33.3 3 0
github.com/coder/coder/v2/agentic/cmd/example/main.go:35.2,35.79 1 0
github.com/coder/coder/v2/agentic/cmd/example/main.go:35.79,37.3 1 0
github.com/coder/coder/v2/agentic/cmd/example/main.go:38.2,38.58 1 0
